0 t 2 0.3807076 250.6199
0 t 3 0.5885416 240.2105
0 t 4 0.7687211 228.3770
0 t 5 0.9318224 216.4776
0 t 6 1.082752 205.4079
0 t 7 1.224786 195.5361
0 t 8 1.360198 186.9077
0 t 9 1.490553 179.4331
0 t 10 1.616946 172.9838
0 t 11 1.740168 167.4292
0 t 12 1.860818 162.6483
0 t 13 1.979367 158.5326
0 t 14 2.096192 154.9867
0 t 15 2.211600 151.9277
0 t 16 2.325845 149.2841
0 t 17 2.439134 146.9952
0 t 18 2.551640 145.0092
0 t 19 2.663503 143.2822
0 t 20 2.774841 141.7773
0 t 21 2.885750 140.4632
0 t 22 2.996309 139.3137
0 t 23 3.106583 138.3062
0 t 24 3.216627 137.4221
0 t 25 3.326485 136.6452
0 t 26 3.436193 135.9619
0 t 27 3.545781 135.3606
0 t 28 3.655274 134.8314
0 t 29 3.764692 134.3657
0 t 30 3.874051 133.9562
0 t 31 3.983366 133.5966
0 t 32 4.092646 133.2814
0 t 33 4.201902 133.0060
0 t 34 4.311139 132.7662
0 t 35 4.420365 132.5585
0 t 36 4.529583 132.3797
0 t 37 4.638797 132.2271
0 t 38 4.748010 132.0983
0 t 39 4.857224 131.9913
0 t 40 4.966440 131.9042
0 t 41 5.075660 131.8354
0 t 42 5.184885 131.7834
0 t 43 5.294115 131.7470
0 t 44 5.403349 131.7250
0 t 45 5.512589 131.7165
0 t 46 5.621834 131.7205
0 t 47 5.731084 131.7363
0 t 48 5.840337 131.7631
0 t 49 5.949595 131.8003
0 t 50 6.058855 131.8474
0 t 51 6.168119 131.9039
0 t 52 6.277384 131.9692
0 t 53 6.386650 132.0430
0 t 54 6.495917 132.1250
0 t 55 6.605184 132.2147
0 t 56 6.714450 132.3119
0 t 57 6.823715 132.4164
0 t 58 6.932977 132.5278
0 t 59 7.042237 132.6460
0 t 60 7.151493 132.7708
0 t 61 7.260744 132.9020
0 t 62 7.369991 133.0394
0 t 63 7.479232 133.1829
0 t 64 7.588467 133.3324
0 t 65 7.697694 133.4877
0 t 66 7.806914 133.6488
0 t 67 7.916126 133.8155
0 t 68 8.025329 133.9878
0 t 69 8.134523 134.1656
0 t 70 8.243707 134.3488
0 t 71 8.352880 134.5373
0 t 72 8.462041 134.7312
0 t 73 8.571192 134.9303
0 t 74 8.680329 135.1346
0 t 75 8.789454 135.3441
0 t 76 8.898566 135.5588
0 t 77 9.007664 135.7786
0 t 78 9.116747 136.0035
0 t 79 9.225815 136.2335
0 t 80 9.334868 136.4686
0 t 81 9.443905 136.7088
0 t 82 9.552925 136.9540
0 t 83 9.661929 137.2042
0 t 84 9.770915 137.4596
0 t 85 9.879883 137.7200
0 t 86 9.988833 137.9854
0 t 87 10.09776 138.2559
1 t 2 1.327931 255.2972
1 t 3 1.447127 251.7988
1 t 4 1.593787 248.6112
1 t 5 1.759191 245.2306
1 t 6 1.934822 241.1292
1 t 7 2.113625 236.2816
1 t 8 2.290771 231.1691
1 t 9 2.463806 226.4138
1 t 10 2.632166 222.4060
1 t 11 2.796345 219.2003
1 t 12 2.957159 216.6352
1 t 13 3.115344 214.4833
1 t 14 3.271421 212.5388
1 t 15 3.425713 210.6462
1 t 16 3.578390 208.6997
1 t 17 3.729527 206.6348
1 t 18 3.879141 204.4176
1 t 19 4.027218 202.0369
1 t 20 4.173728 199.4981
1 t 21 4.318638 196.8182
1 t 22 4.461917 194.0220
1 t 23 4.603543 191.1395
1 t 24 4.743503 188.2030
1 t 25 4.881794 185.2454
1 t 26 5.018427 182.2985
1 t 27 5.153425 179.3913
1 t 28 5.286821 176.5499
1 t 29 5.418662 173.7961
1 t 30 5.548999 171.1476
1 t 31 5.677897 168.6180
1 t 32 5.805423 166.2167
1 t 33 5.931649 163.9499
1 t 34 6.056652 161.8203
1 t 35 6.180508 159.8282
1 t 36 6.303295 157.9716
1 t 37 6.425089 156.2470
1 t 38 6.545964 154.6495
1 t 39 6.665992 153.1735
1 t 40 6.785240 151.8126
1 t 41 6.903774 150.5602
1 t 42 7.021654 149.4097
1 t 43 7.138937 148.3544
1 t 44 7.255676 147.3876
1 t 45 7.371918 146.5031
1 t 46 7.487710 145.6949
1 t 47 7.603092 144.9572
1 t 48 7.718101 144.2847
1 t 49 7.832772 143.6723
1 t 50 7.947136 143.1152
1 t 51 8.061221 142.6091
1 t 52 8.175053 142.1500
1 t 53 8.288654 141.7340
1 t 54 8.402047 141.3577
1 t 55 8.515249 141.0177
1 t 56 8.628278 140.7113
1 t 57 8.741148 140.4355
1 t 58 8.853873 140.1878
1 t 59 8.966467 139.9660
1 t 60 9.078939 139.7677
1 t 61 9.191299 139.5911
1 t 62 9.303557 139.4342
1 t 63 9.415720 139.2953
1 t 64 9.527796 139.1728
1 t 65 9.639791 139.0653
1 t 66 9.751710 138.9714
1 t 67 9.863558 138.8897
1 t 68 9.975341 138.8192
1 t 69 10.08706 138.7588
2 t 2 2.238642 203.6616
2 t 3 2.303012 205.5282
2 t 4 2.388240 208.3010
2 t 5 2.493926 212.1294
2 t 6 2.619493 217.0434
2 t 7 2.763851 222.8086
2 t 8 2.924935 228.8355
2 t 9 3.099472 234.3028
2 t 10 3.283272 238.4909
2 t 11 3.471962 241.0607
2 t 12 3.661747 242.0828
2 t 13 3.849886 241.8830
2 t 14 4.034805 240.8524
2 t 15 4.215914 239.3168
2 t 16 4.393265 237.4901
2 t 17 4.567219 235.4918
2 t 18 4.738215 233.3852
2 t 19 4.906657 231.2102
2 t 20 5.072875 229.0011
2 t 21 5.237127 226.7934
2 t 22 5.399620 224.6232
2 t 23 5.560522 222.5249
2 t 24 5.719979 220.5275
2 t 25 5.878121 218.6522
2 t 26 6.035065 216.9109
2 t 27 6.190917 215.3059
2 t 28 6.345770 213.8307
2 t 29 6.499705 212.4713
2 t 30 6.652787 211.2076
2 t 31 6.805065 210.0156
2 t 32 6.956574 208.8690
2 t 33 7.107333 207.7409
2 t 34 7.257346 206.6049
2 t 35 7.406606 205.4368
2 t 36 7.555091 204.2150
2 t 37 7.702773 202.9214
2 t 38 7.849614 201.5418
2 t 39 7.995571 200.0660
2 t 40 8.140596 198.4884
2 t 41 8.284641 196.8075
2 t 42 8.427656 195.0256
2 t 43 8.569594 193.1489
2 t 44 8.710409 191.1869
2 t 45 8.850061 189.1517
2 t 46 8.988518 187.0576
2 t 47 9.125751 184.9204
2 t 48 9.261742 182.7565
2 t 49 9.396479 180.5826
2 t 50 9.529962 178.4150
2 t 51 9.662195 176.2689
2 t 52 9.793195 174.1582
2 t 53 9.922984 172.0952
2 t 54 10.05159 170.0902
3 t 2 3.244772 216.8145
3 t 3 3.290825 218.2678
3 t 4 3.351802 220.1467
3 t 5 3.427389 222.4048
3 t 6 3.517250 224.9881
3 t 7 3.621055 227.8367
3 t 8 3.738492 230.8827
3 t 9 3.869254 234.0412
3 t 10 4.012960 237.1903
3 t 11 4.169004 240.1436
3 t 12 4.336344 242.6314
3 t 13 4.513300 244.3217
3 t 14 4.697510 244.8971
3 t 15 4.886119 244.1684
3 t 16 5.076180 242.1677
3 t 17 5.265125 239.1709
3 t 18 5.451132 235.6252
3 t 19 5.633287 232.0081
3 t 20 5.811467 228.6933
3 t 21 5.986072 225.8918
3 t 22 6.157731 223.6703
3 t 23 6.327089 222.0015
3 t 24 6.494705 220.8114
3 t 25 6.661012 220.0097
3 t 26 6.826323 219.5056
3 t 27 6.990848 219.2147
3 t 28 7.154719 219.0625
3 t 29 7.318011 218.9847
3 t 30 7.480753 218.9279
3 t 31 7.642944 218.8488
3 t 32 7.804563 218.7142
3 t 33 7.965576 218.5002
3 t 34 8.125943 218.1919
3 t 35 8.285622 217.7824
3 t 36 8.444570 217.2724
3 t 37 8.602751 216.6687
3 t 38 8.760137 215.9840
3 t 39 8.916708 215.2351
3 t 40 9.072453 214.4420
3 t 41 9.227376 213.6263
3 t 42 9.381489 212.8103
3 t 43 9.534816 212.0151
3 t 44 9.687392 211.2600
3 t 45 9.839258 210.5610
3 t 46 9.990464 209.9302
3 t 47 10.14106 209.3754
4 t 2 4.344838 220.4205
4 t 3 4.378299 220.4059
4 t 4 4.422639 220.3758
4 t 5 4.477644 220.3244
4 t 6 4.543069 220.2487
4 t 7 4.618653 220.1509
4 t 8 4.704138 220.0416
4 t 9 4.799289 219.9430
4 t 10 4.903915 219.8918
4 t 11 5.017891 219.9424
4 t 12 5.141172 220.1677
4 t 13 5.273798 220.6549
4 t 14 5.415865 221.4918
4 t 15 5.567431 222.7377
4 t 16 5.728363 224.3793
4 t 17 5.898109 226.2894
4 t 18 6.075521 228.2285
4 t 19 6.258826 229.9170
4 t 20 6.445843 231.1496
4 t 21 6.634368 231.8730
4 t 22 6.822557 232.1771
4 t 23 7.009151 232.2188
4 t 24 7.193502 232.1380
4 t 25 7.375433 232.0128
4 t 26 7.555054 231.8581
4 t 27 7.732586 231.6486
4 t 28 7.908264 231.3443
4 t 29 8.082276 230.9075
4 t 30 8.254760 230.3136
4 t 31 8.425799 229.5537
4 t 32 8.595446 228.6357
4 t 33 8.763730 227.5817
4 t 34 8.930677 226.4257
4 t 35 9.096316 225.2100
4 t 36 9.260690 223.9814
4 t 37 9.423859 222.7875
4 t 38 9.585899 221.6727
4 t 39 9.746903 220.6755
4 t 40 9.906981 219.8257
4 t 41 10.06625 219.1433
5 t 2 5.390707 197.8008
5 t 3 5.416362 197.9367
5 t 4 5.450471 198.1366
5 t 5 5.492961 198.4163
5 t 6 5.543747 198.7956
5 t 7 5.602740 199.2981
5 t 8 5.669852 199.9507
5 t 9 5.745006 200.7834
5 t 10 5.828140 201.8286
5 t 11 5.919214 203.1207
5 t 12 6.018221 204.6945
5 t 13 6.125191 206.5847
5 t 14 6.240198 208.8232
5 t 15 6.363365 211.4368
5 t 16 6.494860 214.4415
5 t 17 6.634879 217.8339
5 t 18 6.783606 221.5760
5 t 19 6.941133 225.5743
5 t 20 7.107338 229.6576
5 t 21 7.281735 233.5684
5 t 22 7.463340 236.9870
5 t 23 7.650640 239.5953
5 t 24 7.841702 241.1588
5 t 25 8.034413 241.5898
5 t 26 8.226783 240.9647
5 t 27 8.417200 239.4942
5 t 28 8.604598 237.4622
5 t 29 8.788470 235.1576
5 t 30 8.968773 232.8262
5 t 31 9.145778 230.6499
5 t 32 9.319918 228.7500
5 t 33 9.491685 227.1996
5 t 34 9.661559 226.0361
5 t 35 9.829983 225.2703
5 t 36 9.997342 224.8915
5 t 37 10.16396 224.8721
6 t 2 6.433064 201.9151
6 t 3 6.455392 202.3739
6 t 4 6.485111 202.9833
6 t 5 6.522176 203.7404
6 t 6 6.566535 204.6417
6 t 7 6.618122 205.6817
6 t 8 6.676866 206.8531
6 t 9 6.742686 208.1465
6 t 10 6.815496 209.5501
6 t 11 6.895201 211.0493
6 t 12 6.981703 212.6272
6 t 13 7.074903 214.2644
6 t 14 7.174700 215.9396
6 t 15 7.280999 217.6303
6 t 16 7.393710 219.3141
6 t 17 7.512760 220.9697
6 t 18 7.638092 222.5785
6 t 19 7.769677 224.1263
6 t 20 7.907518 225.6050
6 t 21 8.051647 227.0123
6 t 22 8.202115 228.3504
6 t 23 8.358964 229.6204
6 t 24 8.522167 230.8128
6 t 25 8.691529 231.8952
6 t 26 8.866582 232.8064
6 t 27 9.046485 233.4676
6 t 28 9.230022 233.8176
6 t 29 9.415723 233.8605
6 t 30 9.602102 233.6926
6 t 31 9.787914 233.4832
6 t 32 9.972346 233.4153
6 t 33 10.15505 233.6226
7 t 2 7.539175 210.9190
7 t 3 7.558247 211.0241
7 t 4 7.583613 211.1577
7 t 5 7.615221 211.3145
7 t 6 7.653005 211.4883
7 t 7 7.696889 211.6720
7 t 8 7.746783 211.8582
7 t 9 7.802592 212.0395
7 t 10 7.864210 212.2088
7 t 11 7.931523 212.3601
7 t 12 8.004417 212.4894
7 t 13 8.082771 212.5947
7 t 14 8.166468 212.6777
7 t 15 8.255395 212.7444
7 t 16 8.349450 212.8061
7 t 17 8.448543 212.8803
7 t 18 8.552608 212.9920
7 t 19 8.661608 213.1746
7 t 20 8.775543 213.4705
7 t 21 8.894464 213.9313
7 t 22 9.018479 214.6182
7 t 23 9.147765 215.6004
7 t 24 9.282576 216.9526
7 t 25 9.423242 218.7490
7 t 26 9.570154 221.0532
7 t 27 9.723726 223.9002
7 t 28 9.884315 227.2717
7 t 29 10.05211 231.0691
8 t 2 8.593373 200.3739
8 t 3 8.609183 200.4340
8 t 4 8.630233 200.5189
8 t 5 8.656497 200.6327
8 t 6 8.687946 200.7810
8 t 7 8.724547 200.9704
8 t 8 8.766263 201.2089
8 t 9 8.813059 201.5059
8 t 10 8.864899 201.8723
8 t 11 8.921748 202.3202
8 t 12 8.983577 202.8632
8 t 13 9.050360 203.5158
8 t 14 9.122081 204.2933
8 t 15 9.198731 205.2115
8 t 16 9.280309 206.2861
8 t 17 9.366827 207.5320
8 t 18 9.458305 208.9623
8 t 19 9.554778 210.5881
8 t 20 9.656287 212.4167
8 t 21 9.762887 214.4514
8 t 22 9.874637 216.6901
8 t 23 9.991610 219.1251
8 t 24 10.11388 221.7426
9 t 2 9.618709 209.5478
9 t 3 9.633424 209.8503
9 t 4 9.653037 210.2541
9 t 5 9.677544 210.7592
9 t 6 9.706937 211.3656
9 t 7 9.741209 212.0732
9 t 8 9.780349 212.8810
9 t 9 9.824347 213.7879
9 t 10 9.873189 214.7914
9 t 11 9.926860 215.8887
9 t 12 9.985341 217.0751
9 t 13 10.04861 218.3451
