0 s 2 0.3103355 509.5025
0 s 3 0.4707728 418.5118
0 s 4 0.6505478 374.0059
0 s 5 0.8451744 356.1743
0 s 6 1.044144 347.8373
0 s 7 1.238730 342.5452
0 s 8 1.421254 338.0020
0 s 9 1.586662 333.5568
0 s 10 1.735374 328.7896
0 s 11 1.871767 323.1473
0 s 12 2.000096 316.3305
0 s 13 2.122935 308.3500
0 s 14 2.241567 299.3928
0 s 15 2.356599 289.7340
0 s 16 2.468352 279.6843
0 s 17 2.577053 269.5484
0 s 18 2.682912 259.5925
0 s 19 2.786152 250.0245
0 s 20 2.887016 240.9885
0 s 21 2.985757 232.5688
0 s 22 3.082630 224.8014
0 s 23 3.177885 217.6853
0 s 24 3.271759 211.1953
0 s 25 3.364469 205.2909
0 s 26 3.456214 199.9237
0 s 27 3.547170 195.0428
0 s 28 3.637492 190.5977
0 s 29 3.727316 186.5407
0 s 30 3.816756 182.8278
0 s 31 3.905911 179.4189
0 s 32 3.994864 176.2786
0 s 33 4.083685 173.3754
0 s 34 4.172431 170.6815
0 s 35 4.261150 168.1729
0 s 36 4.349880 165.8284
0 s 37 4.438652 163.6298
0 s 38 4.527492 161.5613
0 s 39 4.616419 159.6091
0 s 40 4.705448 157.7613
0 s 41 4.794591 156.0078
0 s 42 4.883856 154.3397
0 s 43 4.973248 152.7492
0 s 44 5.062773 151.2298
0 s 45 5.152432 149.7756
0 s 46 5.242226 148.3818
0 s 47 5.332154 147.0440
0 s 48 5.422216 145.7584
0 s 49 5.512410 144.5218
0 s 50 5.602733 143.3313
0 s 51 5.693184 142.1844
0 s 52 5.783759 141.0789
0 s 53 5.874455 140.0128
0 s 54 5.965270 138.9845
0 s 55 6.056199 137.9924
0 s 56 6.147241 137.0351
0 s 57 6.238391 136.1115
0 s 58 6.329647 135.2203
0 s 59 6.421006 134.3606
0 s 60 6.512464 133.5314
0 s 61 6.604020 132.7319
0 s 62 6.695670 131.9613
0 s 63 6.787412 131.2188
0 s 64 6.879243 130.5038
0 s 65 6.971162 129.8156
0 s 66 7.063165 129.1535
0 s 67 7.155251 128.5170
0 s 68 7.247418 127.9054
0 s 69 7.339664 127.3184
0 s 70 7.431987 126.7552
0 s 71 7.524386 126.2155
0 s 72 7.616859 125.6986
0 s 73 7.709405 125.2042
0 s 74 7.802021 124.7318
0 s 75 7.894708 124.2809
0 s 76 7.987463 123.8510
0 s 77 8.080286 123.4418
0 s 78 8.173175 123.0528
0 s 79 8.266129 122.6836
0 s 80 8.359148 122.3338
0 s 81 8.452230 122.0031
0 s 82 8.545375 121.6909
0 s 83 8.638581 121.3970
0 s 84 8.731848 121.1210
0 s 85 8.825175 120.8625
0 s 86 8.918561 120.6211
0 s 87 9.012006 120.3966
0 s 88 9.105509 120.1886
0 s 89 9.199069 119.9968
0 s 90 9.292686 119.8207
0 s 91 9.386358 119.6603
0 s 92 9.480086 119.5150
0 s 93 9.573869 119.3847
0 s 94 9.667705 119.2690
0 s 95 9.761596 119.1677
0 s 96 9.855539 119.0805
0 s 97 9.949534 119.0070
0 s 98 10.04391 118.9578
1 s 2 0.6844716 310.1433
1 s 3 0.9448878 282.7501
1 s 4 1.177905 271.5569
1 s 5 1.375570 292.0317
1 s 6 1.528816 344.2735
1 s 7 1.663812 370.8516
1 s 8 1.808843 378.1918
1 s 9 1.974402 378.9807
1 s 10 2.160105 376.7156
1 s 11 2.360146 371.8392
1 s 12 2.568440 362.1132
1 s 13 2.780110 339.1648
1 s 14 2.989004 278.3142
1 s 15 3.179572 190.5766
1 s 16 3.344367 162.7878
1 s 17 3.498855 157.0528
1 s 18 3.649755 155.2822
1 s 19 3.798879 154.6637
1 s 20 3.946909 154.5470
1 s 21 4.094165 154.6956
1 s 22 4.240807 154.9865
1 s 23 4.386909 155.3398
1 s 24 4.532488 155.6975
1 s 25 4.677527 156.0156
1 s 26 4.821988 156.2603
1 s 27 4.965815 156.4067
1 s 28 5.108945 156.4368
1 s 29 5.251311 156.3386
1 s 30 5.392844 156.1056
1 s 31 5.533479 155.7353
1 s 32 5.673152 155.2294
1 s 33 5.811804 154.5925
1 s 34 5.949383 153.8320
1 s 35 6.085844 152.9574
1 s 36 6.221148 151.9800
1 s 37 6.355266 150.9123
1 s 38 6.488176 149.7676
1 s 39 6.619863 148.5596
1 s 40 6.750325 147.3020
1 s 41 6.879564 146.0085
1 s 42 7.007592 144.6918
1 s 43 7.134428 143.3640
1 s 44 7.260098 142.0362
1 s 45 7.384634 140.7181
1 s 46 7.508073 139.4185
1 s 47 7.630457 138.1448
1 s 48 7.751832 136.9032
1 s 49 7.872245 135.6986
1 s 50 7.991747 134.5349
1 s 51 8.110388 133.4151
1 s 52 8.228221 132.3411
1 s 53 8.345297 131.3142
1 s 54 8.461665 130.3348
1 s 55 8.577376 129.4030
1 s 56 8.692477 128.5182
1 s 57 8.807014 127.6796
1 s 58 8.921030 126.8860
1 s 59 9.034567 126.1360
1 s 60 9.147664 125.4281
1 s 61 9.260358 124.7606
1 s 62 9.372682 124.1319
1 s 63 9.484669 123.5400
1 s 64 9.596348 122.9833
1 s 65 9.707746 122.4600
1 s 66 9.818889 121.9684
1 s 67 9.929800 121.5067
1 s 68 10.04066 121.0799
2 s 1 0.4069614 396.0993
2 s 2 0.9386050 95.25033
2 s 3 1.249291 406.5284
2 s 4 1.387154 373.3760
2 s 5 1.523515 298.3014
2 s 6 1.688675 236.3067
2 s 7 1.871875 210.2591
2 s 8 2.055469 196.5184
2 s 9 2.234493 187.1225
2 s 10 2.408228 180.1922
2 s 11 2.577100 175.2707
2 s 12 2.742042 172.6547
2 s 13 2.904731 174.4381
2 s 14 3.069721 192.7896
2 s 15 3.251899 277.4522
2 s 16 3.458529 362.9861
2 s 17 3.674186 390.9342
2 s 18 3.892280 400.5185
2 s 19 4.111142 404.8664
2 s 20 4.330214 407.2999
2 s 21 4.549267 408.7749
2 s 22 4.768187 409.4751
2 s 23 4.986884 408.8940
2 s 24 5.205128 403.2396
2 s 25 5.419730 310.7530
2 s 26 5.594102 193.3525
2 s 27 5.756203 189.1139
2 s 28 5.917238 186.5345
2 s 29 6.077563 184.2536
2 s 30 6.237202 182.1416
2 s 31 6.396138 180.1688
2 s 32 6.554342 178.3235
2 s 33 6.711790 176.5988
2 s 34 6.868456 174.9894
2 s 35 7.024323 173.4909
2 s 36 7.179373 172.0989
2 s 37 7.333596 170.8090
2 s 38 7.486986 169.6164
2 s 39 7.639537 168.5159
2 s 40 7.791251 167.5016
2 s 41 7.942128 166.5670
2 s 42 8.092171 165.7051
2 s 43 8.241385 164.9081
2 s 44 8.389774 164.1679
2 s 45 8.537342 163.4760
2 s 46 8.684089 162.8236
2 s 47 8.830017 162.2022
2 s 48 8.975124 161.6032
2 s 49 9.119405 161.0187
2 s 50 9.262854 160.4410
2 s 51 9.405461 159.8635
2 s 52 9.547215 159.2802
2 s 53 9.688104 158.6862
2 s 54 9.828113 158.0776
2 s 55 9.967226 157.4514
2 s 56 10.10577 156.8014
3 s 1 0.9560884 796.0524
3 s 2 1.113528 370.4174
3 s 3 1.417343 91.00189
3 s 4 1.833314 89.98374
3 s 5 2.234548 89.90955
3 s 6 2.557127 274.1841
3 s 7 2.694351 268.5779
3 s 8 2.828416 263.1609
3 s 9 2.961149 258.4487
3 s 10 3.095079 254.1275
3 s 11 3.232152 249.8989
3 s 12 3.373404 245.5937
3 s 13 3.519097 241.1636
3 s 14 3.668959 236.6377
3 s 15 3.822428 232.0813
3 s 16 3.978826 227.5671
3 s 17 4.137478 223.1590
3 s 18 4.297779 218.9071
3 s 19 4.459223 214.8478
3 s 20 4.621401 211.0082
3 s 21 4.784002 207.4138
3 s 22 4.946797 204.1098
3 s 23 5.109645 201.2453
3 s 24 5.272616 199.7313
3 s 25 5.438788 230.4233
3 s 26 5.644660 407.6130
3 s 27 5.862211 416.0325
3 s 28 6.080179 417.5746
3 s 29 6.298168 418.3241
3 s 30 6.516113 418.8683
3 s 31 6.734001 419.3260
3 s 32 6.951831 419.7329
3 s 33 7.169607 420.1030
3 s 34 7.387332 420.4431
3 s 35 7.605011 420.7575
3 s 36 7.822648 421.0488
3 s 37 8.040248 421.3184
3 s 38 8.257813 421.5646
3 s 39 8.475345 421.7652
3 s 40 8.692743 411.8068
3 s 41 8.852922 227.5208
3 s 42 9.008354 224.6916
3 s 43 9.163035 221.9611
3 s 44 9.317040 219.3380
3 s 45 9.470436 216.8311
3 s 46 9.623282 214.4449
3 s 47 9.775631 212.1805
3 s 48 9.927525 210.0366
3 s 49 10.07955 207.9815
4 s 1 1.430110 361.2846
4 s 2 1.750277 441.0860
4 s 3 2.085456 474.3482
4 s 4 2.287653 283.8523
4 s 5 2.418863 280.0670
4 s 6 2.626942 89.81031
4 s 7 3.013633 89.67506
4 s 8 3.396906 89.60403
4 s 9 3.730394 324.6147
4 s 10 3.881927 295.6483
4 s 11 4.026296 280.9787
4 s 12 4.168408 272.2847
4 s 13 4.310823 266.8111
4 s 14 4.455204 263.3550
4 s 15 4.602599 261.2495
4 s 16 4.753548 260.0650
4 s 17 4.908186 259.5018
4 s 18 5.066344 259.3417
4 s 19 5.227655 259.4224
4 s 20 5.391633 259.6223
4 s 21 5.557744 259.8498
4 s 22 5.725460 260.0355
4 s 23 5.894287 260.1262
4 s 24 6.063786 260.0801
4 s 25 6.233583 259.8638
4 s 26 6.403363 259.4496
4 s 27 6.572868 258.8146
4 s 28 6.741889 257.9402
4 s 29 6.910254 256.8127
4 s 30 7.077827 255.4237
4 s 31 7.244499 253.7714
4 s 32 7.410184 251.8611
4 s 33 7.574820 249.7068
4 s 34 7.738362 247.3304
4 s 35 7.900788 244.7618
4 s 36 8.062096 242.0375
4 s 37 8.222299 239.1985
4 s 38 8.381431 236.2886
4 s 39 8.539543 233.3570
4 s 40 8.696798 233.5702
4 s 41 8.910351 422.2294
4 s 42 9.127807 422.4528
4 s 43 9.345244 422.6403
4 s 44 9.562663 422.8141
4 s 45 9.780065 422.9768
4 s 46 9.997451 423.1294
4 s 47 10.21631 423.2680
5 s 1 1.713986 90.65092
5 s 2 2.102658 314.6725
5 s 3 2.179170 296.0723
5 s 4 2.422610 514.0905
5 s 5 2.750462 516.1475
5 s 6 3.058974 515.2517
5 s 7 3.335217 487.8209
5 s 8 3.557885 393.0877
5 s 9 3.777804 89.54125
5 s 10 4.156999 89.48292
5 s 11 4.504990 380.4264
5 s 12 4.743518 387.7341
5 s 13 4.969086 383.2982
5 s 14 5.176843 363.6456
5 s 15 5.365266 336.3644
5 s 16 5.538855 313.6727
5 s 17 5.704134 298.4796
5 s 18 5.865798 288.6419
5 s 19 6.026465 281.9978
5 s 20 6.187442 277.1835
5 s 21 6.349290 273.3910
5 s 22 6.512130 270.1316
5 s 23 6.675820 267.1013
5 s 24 6.840065 264.1130
5 s 25 7.004495 261.0611
5 s 26 7.168725 257.9040
5 s 27 7.332406 254.6521
5 s 28 7.495260 251.3576
5 s 29 7.657104 248.1022
5 s 30 7.817863 244.9838
5 s 31 7.977563 242.1017
5 s 32 8.136319 239.5442
5 s 33 8.294311 237.3801
5 s 34 8.451761 235.6534
5 s 35 8.608906 234.3834
5 s 36 8.765976 233.5659
5 s 37 8.923177 233.1775
5 s 38 9.080682 233.1797
5 s 39 9.238622 233.5233
5 s 40 9.397086 234.1523
5 s 41 9.556121 235.0081
5 s 42 9.715737 236.0319
5 s 43 9.875914 237.1671
5 s 44 10.03695 238.3451
6 s 1 1.994296 653.6152
6 s 2 2.411272 91.89638
6 s 3 2.834729 425.8165
6 s 4 3.105548 344.3468
6 s 5 3.279459 270.7127
6 s 6 3.417868 255.3712
6 s 7 3.571859 257.3130
6 s 8 3.769781 289.2989
6 s 9 4.008401 334.8927
6 s 10 4.258123 364.0037
6 s 11 4.534938 89.43003
6 s 12 4.911919 89.38042
6 s 13 5.262738 254.1612
6 s 14 5.444306 262.1011
6 s 15 5.642117 276.4072
6 s 16 5.851599 291.3727
6 s 17 6.066082 302.6132
6 s 18 6.280529 309.1853
6 s 19 6.491717 311.4320
6 s 20 6.697505 309.7732
6 s 21 6.896452 304.6542
6 s 22 7.087839 296.8871
6 s 23 7.271828 287.7767
6 s 24 7.449436 278.7303
6 s 25 7.622187 270.7312
6 s 26 7.791665 264.1878
6 s 27 7.959213 259.1129
6 s 28 8.125836 255.3432
6 s 29 8.292221 252.6672
6 s 30 8.458797 250.8775
6 s 31 8.625796 249.7846
6 s 32 8.793309 249.2195
6 s 33 8.961321 249.0331
6 s 34 9.129752 249.0955
6 s 35 9.298476 249.2967
6 s 36 9.467339 249.5448
6 s 37 9.636177 249.7661
6 s 38 9.804819 249.9025
6 s 39 9.973098 249.9110
6 s 40 10.14135 249.7758
7 s 1 2.231342 248.3874
7 s 2 2.527685 357.7759
7 s 3 3.083001 89.48122
7 s 4 3.434497 333.4969
7 s 5 3.688813 479.2702
7 s 6 3.991744 500.2038
7 s 7 4.268042 402.6614
7 s 8 4.476758 314.4529
7 s 9 4.639648 278.6625
7 s 10 4.789371 264.1975
7 s 11 4.939676 256.8866
7 s 12 5.096040 253.2687
7 s 13 5.288155 89.33320
7 s 14 5.663800 89.28752
7 s 15 6.038972 89.24264
7 s 16 6.413757 89.19794
7 s 17 6.642176 241.3871
7 s 18 6.794861 239.1776
7 s 19 6.951084 237.8265
7 s 20 7.111851 237.5461
7 s 21 7.278087 238.5397
7 s 22 7.450309 240.8115
7 s 23 7.628304 244.0076
7 s 24 7.811093 247.4930
7 s 25 7.997239 250.6487
7 s 26 8.185284 253.1088
7 s 27 8.374037 254.7855
7 s 28 8.562657 255.7679
7 s 29 8.750618 256.2146
7 s 30 8.937625 256.2866
7 s 31 9.123540 256.1158
7 s 32 9.308307 255.7973
7 s 33 9.491913 255.3932
7 s 34 9.674358 254.9404
7 s 35 9.855641 254.4601
7 s 36 10.03706 254.0412
8 s 1 2.896779 924.2860
8 s 2 3.225985 268.8898
8 s 3 3.298928 253.0153
8 s 4 3.705171 91.82963
8 s 5 4.204275 556.2588
8 s 6 4.484609 454.1115
8 s 7 4.709996 353.7308
8 s 8 4.981608 426.6173
8 s 9 5.295712 514.2419
8 s 10 5.573471 403.4770
8 s 11 5.751122 300.0300
8 s 12 5.904296 272.9050
8 s 13 6.051401 260.4071
8 s 14 6.197411 253.1207
8 s 15 6.344078 248.1287
8 s 16 6.492144 244.3471
8 s 17 6.788224 89.15282
8 s 18 7.162427 89.10678
8 s 19 7.536411 89.05935
8 s 20 7.876281 240.6000
8 s 21 8.021992 238.3013
8 s 22 8.169668 236.9251
8 s 23 8.319888 236.3171
8 s 24 8.473147 236.3777
8 s 25 8.629835 237.0196
8 s 26 8.790215 238.1509
8 s 27 8.954402 239.6690
8 s 28 9.122360 241.4633
8 s 29 9.293913 243.4213
8 s 30 9.468769 245.4381
8 s 31 9.646553 247.4246
8 s 32 9.826845 249.3123
8 s 33 10.01007 251.1382
9 s 1 3.209622 223.1959
9 s 2 3.261017 591.7904
9 s 3 3.586905 810.7973
9 s 4 3.911184 588.2919
9 s 5 4.327079 91.58722
9 s 6 4.635046 328.3691
9 s 7 4.889474 512.6822
9 s 8 5.162676 486.6214
9 s 9 5.408027 373.1601
9 s 10 5.656264 379.0538
9 s 11 5.967723 464.6828
9 s 12 6.278997 491.4286
9 s 13 6.579778 500.8143
9 s 14 6.864320 481.5112
9 s 15 7.108973 369.8473
9 s 16 7.289796 284.4822
9 s 17 7.442221 259.7786
9 s 18 7.587770 249.7118
9 s 19 7.731853 244.1380
9 s 20 7.910209 89.01009
9 s 21 8.283850 88.95862
9 s 22 8.657359 88.90457
9 s 23 9.030755 88.84763
9 s 24 9.244925 248.5420
9 s 25 9.397302 245.7480
9 s 26 9.550514 244.4060
9 s 27 9.705355 243.8224
9 s 28 9.862229 243.6500
9 s 29 10.02177 243.6682
10 s 1 3.395066 88.82015
10 s 2 4.041068 108.5549
10 s 3 4.322183 285.1533
10 s 4 4.400244 236.0283
10 s 5 4.487035 240.7489
10 s 6 4.914302 87.17602
10 s 7 5.489757 87.77655
10 s 8 5.754264 278.4079
10 s 9 5.958368 318.6271
10 s 10 6.207430 376.7608
10 s 11 6.471988 382.1523
10 s 12 6.708030 325.1296
10 s 13 6.900169 279.0998
10 s 14 7.071829 263.4207
10 s 15 7.265027 299.6149
10 s 16 7.512360 378.8960
10 s 17 7.781442 416.5404
10 s 18 8.050766 425.0177
10 s 19 8.311822 410.9611
10 s 20 8.553538 364.5655
10 s 21 8.760131 302.4631
10 s 22 8.933588 268.1270
10 s 23 9.091706 254.4416
10 s 24 9.404054 88.78748
10 s 25 9.777271 88.72385
10 s 26 10.15044 316.7356
11 s 1 3.707582 689.5441
11 s 2 4.072852 275.6277
11 s 3 4.484012 454.1047
11 s 4 4.794534 703.9527
11 s 5 5.106046 653.0142
11 s 6 5.380677 431.5655
11 s 7 5.583376 278.9760
11 s 8 6.056042 86.36508
11 s 9 6.536895 640.3823
11 s 10 6.798377 318.7999
11 s 11 6.972719 295.8200
11 s 12 7.187350 352.2588
11 s 13 7.447387 412.7990
11 s 14 7.713090 399.2484
11 s 15 7.945755 334.3603
11 s 16 8.135847 286.0775
11 s 17 8.298959 262.5675
11 s 18 8.451951 252.8791
11 s 19 8.606838 253.1456
11 s 20 8.776964 270.1401
11 s 21 8.978988 313.1220
11 s 22 9.210899 353.6322
11 s 23 9.454160 370.5965
11 s 24 9.696763 369.5152
11 s 25 9.931961 355.2165
11 s 26 10.15707 330.4314
12 s 1 4.318147 223.3792
12 s 2 4.347783 228.7656
12 s 3 4.683946 86.47070
12 s 4 5.294990 87.73391
12 s 5 5.556351 220.2347
12 s 6 5.689273 277.6957
12 s 7 5.920342 445.0654
12 s 8 6.219208 597.0136
12 s 9 6.610401 86.23220
12 s 10 6.908934 450.0799
12 s 11 7.233507 605.9861
12 s 12 7.571266 616.8475
12 s 13 7.907665 602.9044
12 s 14 8.233464 557.2051
12 s 15 8.484875 370.9273
12 s 16 8.727661 400.4700
12 s 17 8.968620 375.7107
12 s 18 9.182960 324.3612
12 s 19 9.367695 288.2658
12 s 20 9.533150 269.2237
12 s 21 9.689378 259.9265
12 s 22 9.842727 255.9348
12 s 23 9.997142 255.4584
12 s 24 10.15685 258.4667
13 s 1 4.522416 728.2259
13 s 2 4.877113 883.1553
13 s 3 5.229074 889.3128
13 s 4 5.477141 207.8481
13 s 5 5.860517 155.4104
13 s 6 6.204065 642.9636
13 s 7 6.436185 371.6371
13 s 8 6.582031 273.5964
13 s 9 6.707595 256.1429
13 s 10 7.155553 85.82134
13 s 11 7.693031 85.69446
13 s 12 7.984218 246.7804
13 s 13 8.120907 253.3309
13 s 14 8.292131 286.4944
13 s 15 8.574079 474.6718
13 s 16 8.890865 491.6254
13 s 17 9.203702 496.0755
13 s 18 9.511145 499.7344
13 s 19 9.809747 490.0359
13 s 20 10.09787 457.3865
14 s 1 4.926851 87.94318
14 s 2 5.396316 200.5309
14 s 3 5.431402 205.4002
14 s 4 5.583763 774.6099
14 s 5 5.947371 159.7370
14 s 6 6.495089 89.56655
14 s 7 6.797550 341.4488
14 s 8 7.080900 504.0938
14 s 9 7.390780 534.7117
14 s 10 7.668697 378.2499
14 s 11 7.852141 265.0977
14 s 12 8.224060 85.58579
14 s 13 8.749507 85.51349
14 s 14 9.027936 306.5889
14 s 15 9.201834 273.1435
14 s 16 9.369541 281.7432
14 s 17 9.560165 317.4219
14 s 18 9.784581 373.0081
14 s 19 10.04031 419.4822
15 s 1 5.328052 711.8371
15 s 2 5.562121 96.91779
15 s 3 6.071153 783.3737
15 s 4 6.363411 375.0146
15 s 5 6.496141 240.1880
15 s 6 6.614362 229.3451
15 s 7 7.086575 86.99077
15 s 8 7.666317 87.66314
15 s 9 7.818905 245.9924
15 s 10 7.955453 315.7954
15 s 11 8.200039 495.6581
15 s 12 8.504647 545.9612
15 s 13 8.798306 428.0418
15 s 14 9.270161 85.42840
15 s 15 9.747046 531.3441
15 s 16 10.10085 572.5585
16 s 1 5.375186 198.3882
16 s 2 5.727182 407.3456
16 s 3 6.222950 86.52066
16 s 4 6.598557 311.3949
16 s 5 6.883107 604.4964
16 s 6 7.211038 746.8475
16 s 7 7.541784 774.7227
16 s 8 7.735671 229.5266
16 s 9 8.192713 492.6539
16 s 10 8.522429 829.8552
16 s 11 8.829703 576.5253
16 s 12 9.026031 265.3841
16 s 13 9.187186 291.1357
16 s 14 9.428537 410.5084
16 s 15 9.786620 85.36782
16 s 16 10.16159 294.4336
17 s 1 6.166334 690.1542
17 s 2 6.416993 225.5609
17 s 3 6.472337 214.2461
17 s 4 6.854176 85.58569
17 s 5 7.467019 88.59676
17 s 6 7.621550 232.7005
17 s 7 7.673139 231.4746
17 s 8 7.872749 767.0703
17 s 9 8.251782 93.02241
17 s 10 8.818058 86.32088
17 s 11 8.971912 251.6640
17 s 12 9.199860 553.7297
17 s 13 9.493394 581.3063
17 s 14 9.763396 457.5603
17 s 15 9.984177 345.6231
17 s 16 10.29942 85.31348
18 s 1 6.419229 134.1065
18 s 2 6.588772 563.4543
18 s 3 6.945094 861.2874
18 s 4 7.301606 971.7413
18 s 5 7.566707 266.8028
18 s 6 8.000258 267.3498
18 s 7 8.354632 693.8365
18 s 8 8.648366 389.0453
18 s 9 8.783922 229.5986
18 s 10 8.868437 218.3189
18 s 11 9.384370 85.73596
18 s 12 9.930679 268.6932
18 s 13 10.10267 284.0732
19 s 1 6.432205 112.0791
19 s 2 7.082612 89.62887
19 s 3 7.538075 224.2455
19 s 4 7.569625 219.4598
19 s 5 7.698960 448.1028
19 s 6 8.102629 108.6599
19 s 7 8.675393 89.90675
19 s 8 8.836811 295.0947
19 s 9 9.100978 629.0607
19 s 10 9.414781 657.2460
19 s 11 9.706048 486.3073
19 s 12 9.946697 90.42426
19 s 13 10.50153 85.83836
20 s 1 7.004808 899.1445
20 s 2 7.408284 569.0221
20 s 3 7.701201 112.0848
20 s 4 8.168166 755.4269
20 s 5 8.522728 577.4336
20 s 6 8.674040 214.4961
20 s 7 8.735749 199.7533
20 s 8 9.264315 87.53908
20 s 9 9.823018 154.1502
20 s 10 9.947390 240.3532
20 s 11 10.07002 286.1092
21 s 1 7.523572 212.4259
21 s 2 7.541939 219.4406
21 s 3 7.835600 245.6765
21 s 4 8.374959 87.06016
21 s 5 8.677837 233.9088
21 s 6 8.915387 740.9597
21 s 7 9.243715 795.4803
21 s 8 9.567916 678.1162
21 s 9 9.866291 129.5298
21 s 10 10.22029 798.6835
22 s 1 7.870665 456.6062
22 s 2 8.261222 690.4357
22 s 3 8.595125 233.0761
22 s 4 8.630793 204.4494
22 s 5 9.005253 85.41278
22 s 6 9.621742 91.33889
22 s 7 9.759366 222.0646
22 s 8 9.813755 229.3305
22 s 9 9.926763 336.0474
22 s 10 10.43876 86.57774
23 s 1 7.900887 93.16741
23 s 2 8.585741 93.87111
23 s 3 8.660141 492.6745
23 s 4 9.008373 811.0422
23 s 5 9.359353 900.1411
23 s 6 9.701831 323.4942
23 s 7 10.05272 609.3261
24 s 1 8.582233 200.9331
24 s 2 8.595180 173.0121
24 s 3 9.226682 92.64958
24 s 4 9.652575 216.7042
24 s 5 9.682657 214.5368
24 s 6 9.732238 292.7038
25 s 1 8.718495 845.9983
25 s 2 9.087258 806.7312
25 s 3 9.482984 474.8149
25 s 4 9.791917 206.1514
25 s 5 10.20192 742.2472
26 s 1 9.365718 85.58879
26 s 2 9.618605 210.7036
26 s 3 9.636350 211.7962
26 s 4 9.928456 123.2379
26 s 5 10.51781 87.38370
27 s 1 9.546985 697.7240
27 s 2 9.926986 777.6551
27 s 3 10.30866 685.7811
28 s 1 9.610315 212.1715
