0 s 2 0.3092454 509.6824
0 s 3 0.4684812 417.5499
0 s 4 0.6469442 373.2793
0 s 5 0.8402276 355.6958
0 s 6 1.037915 347.5048
0 s 7 1.231331 342.2591
0 s 8 1.412816 337.6726
0 s 9 1.577312 333.1267
0 s 10 1.725223 328.2475
0 s 11 1.860913 322.5130
0 s 12 1.988633 315.6392
0 s 13 2.110961 307.6445
0 s 14 2.229185 298.7177
0 s 15 2.343922 289.1289
0 s 16 2.455501 279.1789
0 s 17 2.564147 269.1596
0 s 18 2.670067 259.3245
0 s 19 2.773479 249.8712
0 s 20 2.874612 240.9367
0 s 21 2.973705 232.6019
0 s 22 3.071001 224.9015
0 s 23 3.166732 217.8356
0 s 24 3.261122 211.3809
0 s 25 3.354376 205.4991
0 s 26 3.446681 200.1445
0 s 27 3.538203 195.2683
0 s 28 3.629089 190.8221
0 s 29 3.719467 186.7597
0 s 30 3.809448 183.0385
0 s 31 3.899126 179.6195
0 s 32 3.988581 176.4680
0 s 33 4.077881 173.5530
0 s 34 4.167081 170.8473
0 s 35 4.256228 168.3270
0 s 36 4.345360 165.9714
0 s 37 4.434510 163.7622
0 s 38 4.523701 161.6836
0 s 39 4.612956 159.7221
0 s 40 4.702288 157.8657
0 s 41 4.791712 156.1042
0 s 42 4.881236 154.4287
0 s 43 4.970867 152.8315
0 s 44 5.060612 151.3059
0 s 45 5.150472 149.8461
0 s 46 5.240449 148.4471
0 s 47 5.330546 147.1045
0 s 48 5.420762 145.8146
0 s 49 5.511096 144.5740
0 s 50 5.601546 143.3799
0 s 51 5.692113 142.2296
0 s 52 5.782793 141.1211
0 s 53 5.873584 140.0523
0 s 54 5.964485 139.0214
0 s 55 6.055492 138.0270
0 s 56 6.146604 137.0676
0 s 57 6.237817 136.1419
0 s 58 6.329131 135.2490
0 s 59 6.420541 134.3876
0 s 60 6.512045 133.5569
0 s 61 6.603643 132.7560
0 s 62 6.695330 131.9841
0 s 63 6.787105 131.2405
0 s 64 6.878966 130.5244
0 s 65 6.970911 129.8351
0 s 66 7.062939 129.1721
0 s 67 7.155046 128.5348
0 s 68 7.247232 127.9225
0 s 69 7.339496 127.3347
0 s 70 7.431834 126.7708
0 s 71 7.524246 126.2305
0 s 72 7.616731 125.7131
0 s 73 7.709288 125.2181
0 s 74 7.801914 124.7452
0 s 75 7.894609 124.2939
0 s 76 7.987372 123.8636
0 s 77 8.080201 123.4540
0 s 78 8.173096 123.0646
0 s 79 8.266055 122.6951
0 s 80 8.359079 122.3450
0 s 81 8.452165 122.0139
0 s 82 8.545313 121.7015
0 s 83 8.638522 121.4073
0 s 84 8.731792 121.1311
0 s 85 8.825121 120.8723
0 s 86 8.918510 120.6308
0 s 87 9.011957 120.4061
0 s 88 9.105461 120.1979
0 s 89 9.199022 120.0058
0 s 90 9.292640 119.8297
0 s 91 9.386314 119.6690
0 s 92 9.480042 119.5236
0 s 93 9.573826 119.3931
0 s 94 9.667663 119.2773
0 s 95 9.761554 119.1759
0 s 96 9.855497 119.0885
0 s 97 9.949493 119.0150
0 s 98 10.04387 118.9656
1 s 2 0.6793496 310.2749
1 s 3 0.9390777 282.5018
1 s 4 1.172003 270.6876
1 s 5 1.369595 291.1237
1 s 6 1.521525 345.3588
1 s 7 1.654995 372.1723
1 s 8 1.798838 379.4207
1 s 9 1.963382 380.2370
1 s 10 2.148154 378.0939
1 s 11 2.347325 373.4705
1 s 12 2.554828 364.3690
1 s 13 2.765895 343.3913
1 s 14 2.974965 288.4354
1 s 15 3.168173 198.9886
1 s 16 3.335070 165.1115
1 s 17 3.490064 158.2063
1 s 18 3.640958 156.1590
1 s 19 3.789853 155.4357
1 s 20 3.937508 155.2609
1 s 21 4.084274 155.3686
1 s 22 4.230328 155.6281
1 s 23 4.375759 155.9573
1 s 24 4.520598 156.2978
1 s 25 4.664841 156.6052
1 s 26 4.808460 156.8460
1 s 27 4.951414 156.9949
1 s 28 5.093651 157.0336
1 s 29 5.235115 156.9498
1 s 30 5.375750 156.7362
1 s 31 5.515498 156.3899
1 s 32 5.654307 155.9119
1 s 33 5.792129 155.3061
1 s 34 5.928918 154.5791
1 s 35 6.064638 153.7399
1 s 36 6.199258 152.7987
1 s 37 6.332754 151.7675
1 s 38 6.465112 150.6587
1 s 39 6.596321 149.4854
1 s 40 6.726380 148.2607
1 s 41 6.855297 146.9973
1 s 42 6.983084 145.7077
1 s 43 7.109760 144.4033
1 s 44 7.235350 143.0950
1 s 45 7.359886 141.7923
1 s 46 7.483400 140.5036
1 s 47 7.605932 139.2365
1 s 48 7.727524 137.9970
1 s 49 7.848218 136.7904
1 s 50 7.968060 135.6206
1 s 51 8.087095 134.4909
1 s 52 8.205370 133.4035
1 s 53 8.322931 132.3600
1 s 54 8.439822 131.3612
1 s 55 8.556087 130.4075
1 s 56 8.671769 129.4986
1 s 57 8.786909 128.6342
1 s 58 8.901546 127.8132
1 s 59 9.015717 127.0347
1 s 60 9.129456 126.2973
1 s 61 9.242798 125.5997
1 s 62 9.355772 124.9404
1 s 63 9.468408 124.3178
1 s 64 9.580732 123.7303
1 s 65 9.692769 123.1763
1 s 66 9.804543 122.6543
1 s 67 9.916074 122.1626
1 s 68 10.02754 121.7065
2 s 1 0.4037744 396.8983
2 s 2 0.9377878 95.90979
2 s 3 1.241256 415.4094
2 s 4 1.377893 380.3345
2 s 5 1.513021 302.6316
2 s 6 1.678403 237.8716
2 s 7 1.862240 211.4644
2 s 8 2.046253 197.6170
2 s 9 2.225582 188.1382
2 s 10 2.399570 181.1379
2 s 11 2.568648 176.1417
2 s 12 2.733717 173.3826
2 s 13 2.896334 174.6394
2 s 14 3.060445 189.7964
2 s 15 3.239232 264.4732
2 s 16 3.442945 357.6749
2 s 17 3.657202 390.8285
2 s 18 3.874315 402.0175
2 s 19 4.092317 406.9710
2 s 20 4.310570 409.6976
2 s 21 4.528816 411.3440
2 s 22 4.746924 412.1545
2 s 23 4.964798 411.6484
2 s 24 5.182217 406.2133
2 s 25 5.396525 325.7536
2 s 26 5.572697 193.2221
2 s 27 5.734572 188.6175
2 s 28 5.895275 186.0276
2 s 29 6.055227 183.7623
2 s 30 6.214460 181.6706
2 s 31 6.372957 179.7191
2 s 32 6.530693 177.8948
2 s 33 6.687641 176.1904
2 s 34 6.843778 174.6002
2 s 35 6.999085 173.1197
2 s 36 7.153549 171.7442
2 s 37 7.307158 170.4692
2 s 38 7.459909 169.2898
2 s 39 7.611797 168.2008
2 s 40 7.762825 167.1965
2 s 41 7.912997 166.2705
2 s 42 8.062316 165.4160
2 s 43 8.210790 164.6257
2 s 44 8.358425 163.8918
2 s 45 8.505227 163.2063
2 s 46 8.651200 162.5611
2 s 47 8.796348 161.9481
2 s 48 8.940673 161.3594
2 s 49 9.084173 160.7874
2 s 50 9.226846 160.2251
2 s 51 9.368688 159.6663
2 s 52 9.509691 159.1052
2 s 53 9.649847 158.5373
2 s 54 9.789147 157.9585
2 s 55 9.927582 157.3661
2 s 56 10.06547 156.7547
3 s 1 0.9433472 824.2978
3 s 2 1.105506 365.4192
3 s 3 1.417166 90.89634
3 s 4 1.833297 89.98621
3 s 5 2.234538 89.91690
3 s 6 2.546908 274.9801
3 s 7 2.683336 268.8310
3 s 8 2.816346 263.2210
3 s 9 2.947964 258.4083
3 s 10 3.080835 254.0175
3 s 11 3.216957 249.7230
3 s 12 3.357380 245.3467
3 s 13 3.502359 240.8413
3 s 14 3.651611 236.2415
3 s 15 3.804559 231.6185
3 s 16 3.960511 227.0492
3 s 17 4.118777 222.5998
3 s 18 4.278741 218.3200
3 s 19 4.439884 214.2449
3 s 20 4.601786 210.3996
3 s 21 4.764126 206.8079
3 s 22 4.926665 203.5130
3 s 23 5.089254 200.6589
3 s 24 5.251943 199.0971
3 s 25 5.417264 222.9494
3 s 26 5.620152 408.6974
3 s 27 5.836696 419.0722
3 s 28 6.053713 420.8488
3 s 29 6.270737 421.6871
3 s 30 6.487695 422.2882
3 s 31 6.704571 422.7911
3 s 32 6.921362 423.2367
3 s 33 7.138072 423.6409
3 s 34 7.354705 424.0115
3 s 35 7.571265 424.3530
3 s 36 7.787757 424.6683
3 s 37 8.004184 424.9585
3 s 38 8.220550 425.2200
3 s 39 8.436857 425.4076
3 s 40 8.646328 231.8577
3 s 41 8.802633 227.9573
3 s 42 8.958145 225.2339
3 s 43 9.112982 222.5838
3 s 44 9.267197 220.0172
3 s 45 9.420837 217.5437
3 s 46 9.573942 215.1701
3 s 47 9.726547 212.8999
3 s 48 9.878678 210.7347
3 s 49 10.03090 208.6433
4 s 1 1.411559 354.7170
4 s 2 1.721260 433.4574
4 s 3 2.047867 478.0772
4 s 4 2.277193 288.7066
4 s 5 2.408897 281.5937
4 s 6 2.626932 89.79627
4 s 7 3.013633 89.67510
4 s 8 3.396906 89.60420
4 s 9 3.705714 337.6706
4 s 10 3.861090 301.5319
4 s 11 4.006655 284.0227
4 s 12 4.148890 274.0455
4 s 13 4.290905 267.8949
4 s 14 4.434580 264.0303
4 s 15 4.581065 261.6466
4 s 16 4.730951 260.2520
4 s 17 4.884405 259.5168
4 s 18 5.041282 259.2083
4 s 19 5.201232 259.1569
4 s 20 5.363785 259.2375
4 s 21 5.528422 259.3568
4 s 22 5.694627 259.4446
4 s 23 5.861918 259.4476
4 s 24 6.029869 259.3244
4 s 25 6.198114 259.0422
4 s 26 6.366351 258.5749
4 s 27 6.534333 257.9013
4 s 28 6.701864 257.0052
4 s 29 6.868787 255.8753
4 s 30 7.034981 254.5056
4 s 31 7.200351 252.8964
4 s 32 7.364830 251.0545
4 s 33 7.528370 248.9936
4 s 34 7.690941 246.7341
4 s 35 7.852532 244.3026
4 s 36 8.013148 241.7303
4 s 37 8.172808 239.0522
4 s 38 8.331544 236.3052
4 s 39 8.489400 233.5384
4 s 40 8.653203 421.9104
4 s 41 8.869341 425.9472
4 s 42 9.085497 426.1763
4 s 43 9.301611 426.3738
4 s 44 9.517683 426.5563
4 s 45 9.733714 426.7264
4 s 46 9.949706 426.8850
4 s 47 10.16716 427.0261
5 s 1 1.713788 90.75601
5 s 2 2.089101 316.5286
5 s 3 2.167281 292.1123
5 s 4 2.378268 490.9012
5 s 5 2.701952 502.5492
5 s 6 3.009095 505.9285
5 s 7 3.288893 491.9055
5 s 8 3.523254 416.4886
5 s 9 3.777804 89.54069
5 s 10 4.156999 89.48298
5 s 11 4.453587 374.6399
5 s 12 4.692942 385.2958
5 s 13 4.921218 385.3502
5 s 14 5.133359 370.4147
5 s 15 5.326266 344.1996
5 s 16 5.502701 319.5884
5 s 17 5.669052 302.4126
5 s 18 5.830631 291.2855
5 s 19 5.990554 283.8771
5 s 20 6.150417 278.6147
5 s 21 6.310942 274.5647
5 s 22 6.472351 271.1715
5 s 23 6.634577 268.0964
5 s 24 6.797384 265.1335
5 s 25 6.960456 262.1663
5 s 26 7.123460 259.1438
5 s 27 7.286091 256.0657
5 s 28 7.448107 252.9701
5 s 29 7.609348 249.9214
5 s 30 7.769743 246.9976
5 s 31 7.929307 244.2785
5 s 32 8.088126 241.8356
5 s 33 8.246337 239.7250
5 s 34 8.404111 237.9837
5 s 35 8.561629 236.6289
5 s 36 8.719068 235.6593
5 s 37 8.876586 235.0580
5 s 38 9.034315 234.7959
5 s 39 9.192356 234.8348
5 s 40 9.350776 235.1312
5 s 41 9.509614 235.6384
5 s 42 9.668876 236.3095
5 s 43 9.828547 237.0987
5 s 44 9.988592 237.9629
5 s 45 10.14930 238.8468
6 s 1 1.979400 643.9269
6 s 2 2.410541 92.85521
6 s 3 2.820079 426.3408
6 s 4 3.089632 344.2519
6 s 5 3.263507 271.0352
6 s 6 3.400286 255.8163
6 s 7 3.548986 255.0258
6 s 8 3.734230 276.8776
6 s 9 3.962275 321.1067
6 s 10 4.207808 354.6271
6 s 11 4.534938 89.43000
6 s 12 4.911919 89.38042
6 s 13 5.229130 253.4177
6 s 14 5.405370 259.3159
6 s 15 5.597939 272.4144
6 s 16 5.803983 288.0294
6 s 17 6.016961 300.7653
6 s 18 6.231207 308.7800
6 s 19 6.442983 312.1782
6 s 20 6.649829 311.3814
6 s 21 6.850084 306.8561
6 s 22 7.042845 299.4194
6 s 23 7.228128 290.4037
6 s 24 7.406856 281.2889
6 s 25 7.580530 273.1397
6 s 26 7.750745 266.4130
6 s 27 7.918861 261.1344
6 s 28 8.085889 257.1363
6 s 29 8.252507 254.2019
6 s 30 8.419131 252.1236
6 s 31 8.585977 250.7190
6 s 32 8.753129 249.8312
6 s 33 8.920573 249.3257
6 s 34 9.088238 249.0875
6 s 35 9.256015 249.0196
6 s 36 9.423774 249.0406
6 s 37 9.591376 249.0838
6 s 38 9.758679 249.0955
6 s 39 9.925545 249.0344
6 s 40 10.09232 248.8803
7 s 1 2.221679 249.0997
7 s 2 2.515886 339.7301
7 s 3 3.082118 89.35641
7 s 4 3.410598 334.5891
7 s 5 3.657797 477.6428
7 s 6 3.956709 503.1690
7 s 7 4.235179 413.2337
7 s 8 4.448995 320.2162
7 s 9 4.613804 281.1932
7 s 10 4.763347 265.7990
7 s 11 4.912366 258.0637
7 s 12 5.066326 253.8397
7 s 13 5.288155 89.33320
7 s 14 5.663800 89.28752
7 s 15 6.038972 89.24264
7 s 16 6.413757 89.19794
7 s 17 6.607846 243.0795
7 s 18 6.759729 240.7901
7 s 19 6.915158 239.4022
7 s 20 7.075206 239.1175
7 s 21 7.240874 240.1443
7 s 22 7.412768 242.5038
7 s 23 7.590746 245.8504
7 s 24 7.773836 249.5243
7 s 25 7.960535 252.8538
7 s 26 8.149271 255.4236
7 s 27 8.338724 257.1201
7 s 28 8.527941 258.0313
7 s 29 8.716312 258.3310
7 s 30 8.903488 258.2028
7 s 31 9.089303 257.8030
7 s 32 9.273703 257.2482
7 s 33 9.456691 256.6161
7 s 34 9.638293 255.9542
7 s 35 9.818544 255.2888
7 s 36 9.997473 254.6337
7 s 37 10.17630 254.0521
8 s 1 2.872180 929.0974
8 s 2 3.211670 315.9362
8 s 3 3.280289 255.3376
8 s 4 3.702621 93.62980
8 s 5 4.164365 612.3901
8 s 6 4.432361 436.9333
8 s 7 4.647113 350.9970
8 s 8 4.905251 419.6176
8 s 9 5.209317 501.3558
8 s 10 5.505779 489.7557
8 s 11 5.712972 321.0912
8 s 12 5.870895 279.5842
8 s 13 6.018927 264.0627
8 s 14 6.164903 255.7137
8 s 15 6.311140 250.2303
8 s 16 6.458568 246.1865
8 s 17 6.788224 89.15282
8 s 18 7.162427 89.10678
8 s 19 7.536411 89.05935
8 s 20 7.835509 243.4162
8 s 21 7.981275 240.5843
8 s 22 8.128819 238.8376
8 s 23 8.278777 237.9312
8 s 24 8.431672 237.7264
8 s 25 8.587913 238.1212
8 s 26 8.747779 239.0208
8 s 27 8.911406 240.3264
8 s 28 9.078779 241.9319
8 s 29 9.249738 243.7280
8 s 30 9.424002 245.6097
8 s 31 9.601197 247.4844
8 s 32 9.780892 249.2789
8 s 33 9.962641 250.9416
8 s 34 10.14695 252.5376
9 s 1 3.194227 222.8085
9 s 2 3.229329 444.6474
9 s 3 3.553482 776.8852
9 s 4 3.876400 512.0870
9 s 5 4.324714 89.93805
9 s 6 4.617551 332.7890
9 s 7 4.870135 490.5305
9 s 8 5.141687 470.4202
9 s 9 5.385652 368.7152
9 s 10 5.606811 319.2171
9 s 11 5.882434 414.9119
9 s 12 6.184026 465.0105
9 s 13 6.480175 484.0373
9 s 14 6.764696 483.4595
9 s 15 7.025567 426.9767
9 s 16 7.233771 316.5726
9 s 17 7.396764 271.0759
9 s 18 7.545493 255.4253
9 s 19 7.690694 247.8754
9 s 20 7.910209 89.01009
9 s 21 8.283850 88.95862
9 s 22 8.657359 88.90457
9 s 23 9.029523 265.5136
9 s 24 9.187666 254.2933
9 s 25 9.342090 248.9795
9 s 26 9.495944 246.2785
9 s 27 9.650662 244.8775
9 s 28 9.806957 244.1788
9 s 29 9.965198 243.8689
9 s 30 10.12602 243.7454
10 s 1 3.394040 89.20856
10 s 2 4.031368 203.4814
10 s 3 4.297130 286.9704
10 s 4 4.376607 236.5888
10 s 5 4.465424 241.6664
10 s 6 4.914085 87.18210
10 s 7 5.489092 88.83131
10 s 8 5.732225 281.2466
10 s 9 5.937477 320.4183
10 s 10 6.187156 376.4841
10 s 11 6.450500 378.2216
10 s 12 6.682143 320.7753
10 s 13 6.868475 276.9621
10 s 14 7.032302 258.8576
10 s 15 7.202981 267.5910
10 s 16 7.417492 331.0223
10 s 17 7.671296 388.3423
10 s 18 7.933895 410.3345
10 s 19 8.193069 410.3752
10 s 20 8.441081 387.8992
10 s 21 8.666675 339.1700
10 s 22 8.860330 290.8454
10 s 23 9.030755 88.84763
10 s 24 9.404054 88.78748
10 s 25 9.777271 88.72385
10 s 26 10.03960 345.5388
11 s 1 3.684184 661.7757
11 s 2 4.057810 125.8696
11 s 3 4.459718 452.3629
11 s 4 4.764750 701.5472
11 s 5 5.072077 662.8965
11 s 6 5.348554 458.6853
11 s 7 5.559213 276.5689
11 s 8 6.055770 86.75556
11 s 9 6.434141 626.2287
11 s 10 6.708315 421.5096
11 s 11 6.917265 323.6208
11 s 12 7.145323 368.0403
11 s 13 7.413582 420.4973
11 s 14 7.682246 397.6565
11 s 15 7.913133 330.3014
11 s 16 8.099899 283.7425
11 s 17 8.260188 261.4269
11 s 18 8.410383 251.6029
11 s 19 8.560499 249.1806
11 s 20 8.719022 255.6234
11 s 21 8.897670 279.2165
11 s 22 9.105934 319.0864
11 s 23 9.335875 350.0683
11 s 24 9.573103 362.4163
11 s 25 9.808585 359.9647
11 s 26 10.15044 88.65588
12 s 1 4.295605 223.3463
12 s 2 4.325486 229.1979
12 s 3 4.683601 86.30725
12 s 4 5.293719 88.27252
12 s 5 5.521300 220.0981
12 s 6 5.641105 268.1285
12 s 7 5.852058 426.8628
12 s 8 6.134146 566.9554
12 s 9 6.610208 86.22327
12 s 10 6.856532 334.0776
12 s 11 7.135410 513.8921
12 s 12 7.451849 570.5085
12 s 13 7.773656 568.0748
12 s 14 8.093818 551.8955
12 s 15 8.407288 541.6104
12 s 16 8.686422 446.8070
12 s 17 8.927607 381.0565
12 s 18 9.138574 324.2456
12 s 19 9.320794 287.9082
12 s 20 9.484341 268.7248
12 s 21 9.638682 259.0729
12 s 22 9.789773 254.4863
12 s 23 9.941166 253.0006
12 s 24 10.09639 254.1134
13 s 1 4.493843 735.7708
13 s 2 4.843296 877.8665
13 s 3 5.191864 907.2283
13 s 4 5.448537 207.4362
13 s 5 5.832828 250.7707
13 s 6 6.158556 644.9863
13 s 7 6.394608 379.1090
13 s 8 6.547867 277.4488
13 s 9 6.680162 258.6571
13 s 10 7.155542 85.82000
13 s 11 7.693025 85.69892
13 s 12 7.947193 247.3615
13 s 13 8.083830 256.4356
13 s 14 8.252139 286.7951
13 s 15 8.468917 338.9639
13 s 16 8.748328 434.7696
13 s 17 9.059354 480.5784
13 s 18 9.367837 490.4467
13 s 19 9.667540 486.2049
13 s 20 9.956351 471.6650
13 s 21 10.23439 438.0034
14 s 1 4.925291 88.11356
14 s 2 5.367839 202.0462
14 s 3 5.400828 205.1122
14 s 4 5.539921 739.7843
14 s 5 5.929162 114.4611
14 s 6 6.493050 90.76958
14 s 7 6.768348 333.2345
14 s 8 7.044513 486.0652
14 s 9 7.350801 528.2221
14 s 10 7.631098 384.4960
14 s 11 7.816408 264.2194
14 s 12 8.224058 85.58688
14 s 13 8.729887 474.1982
14 s 14 8.977989 328.8698
14 s 15 9.160151 278.3227
14 s 16 9.329147 283.8216
14 s 17 9.519580 318.8642
14 s 18 9.742806 372.6280
14 s 19 9.988981 408.3129
14 s 20 10.24029 393.3770
15 s 1 5.293975 676.9597
15 s 2 5.557014 102.9518
15 s 3 6.033132 804.1396
15 s 4 6.328335 392.6981
15 s 5 6.469167 242.4736
15 s 6 6.590278 220.5637
15 s 7 7.085769 87.04921
15 s 8 7.664879 89.17696
15 s 9 7.763599 249.6400
15 s 10 7.890694 312.6911
15 s 11 8.126508 503.6868
15 s 12 8.428733 570.9045
15 s 13 8.749536 85.56844
15 s 14 9.270160 85.42941
15 s 15 9.593538 501.6748
15 s 16 9.922794 537.5143
15 s 17 10.22442 345.6192
16 s 1 5.348303 200.3294
16 s 2 5.695576 324.5943
16 s 3 6.222324 86.21093
16 s 4 6.563491 298.7012
16 s 5 6.833367 586.1902
16 s 6 7.150984 741.2443
16 s 7 7.471423 800.0124
16 s 8 7.681541 247.8364
16 s 9 8.114776 722.7936
16 s 10 8.434665 773.1426
16 s 11 8.732175 540.7627
16 s 12 8.936352 281.9549
16 s 13 9.087743 277.4602
16 s 14 9.298643 375.1472
16 s 15 9.786620 85.36721
16 s 16 10.11769 301.0415
17 s 1 6.127067 716.0109
17 s 2 6.388834 229.4378
17 s 3 6.445406 213.9027
17 s 4 6.854031 85.54250
17 s 5 7.460520 99.95114
17 s 6 7.572520 235.9346
17 s 7 7.626769 228.5848
17 s 8 7.802128 546.1837
17 s 9 8.248470 86.99855
17 s 10 8.815701 99.83680
17 s 11 8.933694 256.4020
17 s 12 9.146148 471.0878
17 s 13 9.431483 554.9828
17 s 14 9.703762 459.6691
17 s 15 9.931223 351.5557
17 s 16 10.29942 85.31347
18 s 1 6.395213 194.9311
18 s 2 6.542762 543.1793
18 s 3 6.889606 852.5290
18 s 4 7.238562 940.4315
18 s 5 7.511636 216.0706
18 s 6 7.954557 402.8816
18 s 7 8.298088 691.3735
18 s 8 8.593706 401.8517
18 s 9 8.737600 232.0591
18 s 10 8.827301 163.7709
18 s 11 9.384304 85.76294
18 s 12 9.887943 335.3546
18 s 13 10.06282 282.3941
19 s 1 6.427108 88.47499
19 s 2 7.078641 90.91830
19 s 3 7.496847 227.4889
19 s 4 7.532682 220.4650
19 s 5 7.657501 374.4574
19 s 6 8.092799 94.73971
19 s 7 8.668992 103.7513
19 s 8 8.789650 288.9812
19 s 9 9.043028 620.0041
19 s 10 9.353512 675.3600
19 s 11 9.649025 529.5698
19 s 12 9.945798 85.90411
19 s 13 10.42131 588.8950
20 s 1 6.951930 875.4686
20 s 2 7.354696 509.4473
20 s 3 7.684491 140.6691
20 s 4 8.114209 784.0395
20 s 5 8.467915 620.7687
20 s 6 8.632231 215.0856
20 s 7 8.697900 154.0463
20 s 8 9.262042 88.58490
20 s 9 9.787231 293.4844
20 s 10 9.890074 236.3351
20 s 11 9.992820 268.8882
20 s 12 10.16596 400.2323
21 s 1 7.486856 211.9870
21 s 2 7.506821 219.1786
21 s 3 7.800080 167.5366
21 s 4 8.373560 86.61336
21 s 5 8.628898 228.2315
21 s 6 8.847228 747.4706
21 s 7 9.170486 798.6296
21 s 8 9.493612 662.6738
21 s 9 9.818940 238.2760
22 s 1 7.817239 771.8277
22 s 2 8.204511 715.7563
22 s 3 8.551468 251.3449
22 s 4 8.587250 205.4628
22 s 5 9.005253 85.41257
22 s 6 9.601295 172.4873
22 s 7 9.705410 223.7050
22 s 8 9.756422 224.0360
22 s 9 9.870227 104.2603
22 s 10 10.43771 86.24957
23 s 1 7.899065 85.91490
23 s 2 8.550154 201.5145
23 s 3 8.596972 433.8010
23 s 4 8.938535 808.1096
23 s 5 9.286416 897.7350
23 s 6 9.642924 130.7696
23 s 7 9.980576 672.1975
23 s 8 10.32112 737.6859
24 s 1 8.539325 201.7913
24 s 2 8.585134 87.05098
24 s 3 9.218188 97.52672
24 s 4 9.604972 220.7852
24 s 5 9.637131 214.9888
24 s 6 9.692136 248.1395
25 s 1 8.652264 842.8178
25 s 2 9.019959 785.8491
25 s 3 9.421827 372.4151
25 s 4 9.746579 305.9760
25 s 5 10.13828 766.7428
26 s 1 9.364754 86.63420
26 s 2 9.575549 211.3893
26 s 3 9.594199 212.7970
26 s 4 9.910116 102.5048
26 s 5 10.51576 87.34357
27 s 1 9.482730 639.4624
27 s 2 9.862040 789.8240
27 s 3 10.24265 698.1704
28 s 1 9.568229 212.3233
