0 t 2 0.3788970 250.3934
0 t 3 0.5856800 239.9743
0 t 4 0.7649343 228.1605
0 t 5 0.9272435 216.3128
0 t 6 1.077536 205.3150
0 t 7 1.219092 195.5206
0 t 8 1.354176 186.9644
0 t 9 1.484337 179.5509
0 t 10 1.610648 173.1496
0 t 11 1.733882 167.6301
0 t 12 1.854619 162.8726
0 t 13 1.973313 158.7705
0 t 14 2.090326 155.2304
0 t 15 2.205955 152.1711
0 t 16 2.320441 149.5229
0 t 17 2.433986 147.2260
0 t 18 2.546754 145.2298
0 t 19 2.658882 143.4914
0 t 20 2.770482 141.9742
0 t 21 2.881648 140.6475
0 t 22 2.992458 139.4854
0 t 23 3.102975 138.4656
0 t 24 3.213251 137.5695
0 t 25 3.323331 136.7812
0 t 26 3.433250 136.0870
0 t 27 3.543039 135.4755
0 t 28 3.652721 134.9367
0 t 29 3.762318 134.4621
0 t 30 3.871846 134.0442
0 t 31 3.981318 133.6769
0 t 32 4.090747 133.3546
0 t 33 4.200141 133.0726
0 t 34 4.309509 132.8268
0 t 35 4.418855 132.6135
0 t 36 4.528186 132.4296
0 t 37 4.637505 132.2723
0 t 38 4.746816 132.1393
0 t 39 4.856121 132.0284
0 t 40 4.965422 131.9377
0 t 41 5.074721 131.8656
0 t 42 5.184019 131.8106
0 t 43 5.293316 131.7715
0 t 44 5.402613 131.7471
0 t 45 5.511911 131.7363
0 t 46 5.621210 131.7383
0 t 47 5.730509 131.7522
0 t 48 5.839809 131.7774
0 t 49 5.949108 131.8131
0 t 50 6.058408 131.8588
0 t 51 6.167708 131.9140
0 t 52 6.277006 131.9782
0 t 53 6.386304 132.0511
0 t 54 6.495599 132.1321
0 t 55 6.604892 132.2210
0 t 56 6.714182 132.3175
0 t 57 6.823469 132.4213
0 t 58 6.932752 132.5321
0 t 59 7.042030 132.6498
0 t 60 7.151303 132.7741
0 t 61 7.260571 132.9049
0 t 62 7.369832 133.0419
0 t 63 7.479087 133.1851
0 t 64 7.588333 133.3343
0 t 65 7.697572 133.4893
0 t 66 7.806803 133.6501
0 t 67 7.916024 133.8167
0 t 68 8.025236 133.9887
0 t 69 8.134438 134.1664
0 t 70 8.243629 134.3494
0 t 71 8.352808 134.5378
0 t 72 8.461976 134.7316
0 t 73 8.571132 134.9306
0 t 74 8.680275 135.1348
0 t 75 8.789405 135.3443
0 t 76 8.898521 135.5589
0 t 77 9.007622 135.7787
0 t 78 9.116709 136.0035
0 t 79 9.225781 136.2335
0 t 80 9.334837 136.4685
0 t 81 9.443876 136.7087
0 t 82 9.552899 136.9538
0 t 83 9.661905 137.2041
0 t 84 9.770893 137.4594
0 t 85 9.879863 137.7198
0 t 86 9.988815 137.9852
0 t 87 10.09775 138.2558
1 t 2 1.318787 255.9248
1 t 3 1.437751 252.4171
1 t 4 1.584059 249.2345
1 t 5 1.748962 245.8574
1 t 6 1.923927 241.7480
1 t 7 2.101907 236.8796
1 t 8 2.278105 231.7354
1 t 9 2.450104 226.9398
1 t 10 2.617370 222.8859
1 t 11 2.780420 219.6326
1 t 12 2.940084 217.0237
1 t 13 3.097107 214.8374
1 t 14 3.252022 212.8719
1 t 15 3.405162 210.9744
1 t 16 3.556709 209.0407
1 t 17 3.706751 207.0064
1 t 18 3.855318 204.8368
1 t 19 4.002408 202.5191
1 t 20 4.148006 200.0564
1 t 21 4.292088 197.4627
1 t 22 4.434635 194.7598
1 t 23 4.575633 191.9742
1 t 24 4.715075 189.1348
1 t 25 4.852964 186.2712
1 t 26 4.989313 183.4124
1 t 27 5.124145 180.5850
1 t 28 5.257492 177.8131
1 t 29 5.389394 175.1172
1 t 30 5.519900 172.5144
1 t 31 5.649066 170.0180
1 t 32 5.776951 167.6377
1 t 33 5.903620 165.3803
1 t 34 6.029138 163.2493
1 t 35 6.153574 161.2462
1 t 36 6.276996 159.3702
1 t 37 6.399470 157.6189
1 t 38 6.521063 155.9886
1 t 39 6.641838 154.4747
1 t 40 6.761856 153.0721
1 t 41 6.881175 151.7751
1 t 42 6.999851 150.5778
1 t 43 7.117933 149.4743
1 t 44 7.235471 148.4586
1 t 45 7.352508 147.5249
1 t 46 7.469087 146.6678
1 t 47 7.585246 145.8818
1 t 48 7.701018 145.1618
1 t 49 7.816437 144.5031
1 t 50 7.931532 143.9011
1 t 51 8.046329 143.3515
1 t 52 8.160854 142.8504
1 t 53 8.275127 142.3941
1 t 54 8.389171 141.9791
1 t 55 8.503002 141.6023
1 t 56 8.616638 141.2606
1 t 57 8.730094 140.9513
1 t 58 8.843384 140.6718
1 t 59 8.956519 140.4197
1 t 60 9.069511 140.1928
1 t 61 9.182370 139.9890
1 t 62 9.295105 139.8065
1 t 63 9.407726 139.6435
1 t 64 9.520238 139.4982
1 t 65 9.632650 139.3693
1 t 66 9.744967 139.2552
1 t 67 9.857195 139.1546
1 t 68 9.969339 139.0663
1 t 69 10.08140 138.9891
2 t 2 2.227671 204.6087
2 t 3 2.291838 206.4201
2 t 4 2.376786 209.1176
2 t 5 2.482107 212.8494
2 t 6 2.607212 217.6442
2 t 7 2.750993 223.2677
2 t 8 2.911362 229.1337
2 t 9 3.085016 234.4305
2 t 10 3.267747 238.4544
2 t 11 3.455182 240.8837
2 t 12 3.643552 241.8036
2 t 13 3.830164 241.5489
2 t 14 4.013502 240.5113
2 t 15 4.193035 239.0098
2 t 16 4.368856 237.2478
2 t 17 4.541353 235.3331
2 t 18 4.710976 233.3191
2 t 19 4.878128 231.2371
2 t 20 5.043132 229.1142
2 t 21 5.206239 226.9801
2 t 22 5.367640 224.8666
2 t 23 5.527491 222.8049
2 t 24 5.685923 220.8227
2 t 25 5.843048 218.9413
2 t 26 5.998971 217.1745
2 t 27 6.153784 215.5276
2 t 28 6.307570 213.9984
2 t 29 6.460400 212.5775
2 t 30 6.612335 211.2502
2 t 31 6.763423 209.9975
2 t 32 6.913698 208.7981
2 t 33 7.063184 207.6295
2 t 34 7.211893 206.4691
2 t 35 7.359823 205.2957
2 t 36 7.506966 204.0901
2 t 37 7.653306 202.8354
2 t 38 7.798818 201.5180
2 t 39 7.943474 200.1277
2 t 40 8.087241 198.6575
2 t 41 8.230087 197.1041
2 t 42 8.371976 195.4675
2 t 43 8.512876 193.7509
2 t 44 8.652755 191.9600
2 t 45 8.791585 190.1034
2 t 46 8.929344 188.1911
2 t 47 9.066014 186.2350
2 t 48 9.201581 184.2476
2 t 49 9.336039 182.2422
2 t 50 9.469389 180.2318
2 t 51 9.601636 178.2290
2 t 52 9.732795 176.2457
2 t 53 9.862883 174.2929
2 t 54 9.991924 172.3800
2 t 55 10.11995 170.5153
3 t 2 3.230391 216.5648
3 t 3 3.276070 217.9958
3 t 4 3.336561 219.8502
3 t 5 3.411562 222.0855
3 t 6 3.500752 224.6527
3 t 7 3.603821 227.4969
3 t 8 3.720482 230.5549
3 t 9 3.850448 233.7447
3 t 10 3.993358 236.9440
3 t 11 4.148613 239.9614
3 t 12 4.315153 242.5178
3 t 13 4.491263 244.2707
3 t 14 4.674530 244.8980
3 t 15 4.862061 244.2144
3 t 16 5.050898 242.2628
3 t 17 5.238494 239.3283
3 t 18 5.423081 235.8586
3 t 19 5.603800 232.3202
3 t 20 5.780569 229.0707
3 t 21 5.953808 226.3087
3 t 22 6.124141 224.0955
3 t 23 6.292203 222.4057
3 t 24 6.458535 221.1717
3 t 25 6.623557 220.3113
3 t 26 6.787574 219.7421
3 t 27 6.950794 219.3878
3 t 28 7.113352 219.1804
3 t 29 7.275325 219.0606
3 t 30 7.436752 218.9786
3 t 31 7.597641 218.8930
3 t 32 7.757983 218.7712
3 t 33 7.917754 218.5886
3 t 34 8.076924 218.3282
3 t 35 8.235459 217.9801
3 t 36 8.393325 217.5410
3 t 37 8.550491 217.0131
3 t 38 8.706931 216.4038
3 t 39 8.862623 215.7243
3 t 40 9.017556 214.9892
3 t 41 9.171723 214.2148
3 t 42 9.325129 213.4187
3 t 43 9.477784 212.6185
3 t 44 9.629708 211.8307
3 t 45 9.780925 211.0700
3 t 46 9.931466 210.3487
3 t 47 10.08137 209.6760
4 t 2 4.322024 220.4013
4 t 3 4.355258 220.4194
4 t 4 4.399307 220.4332
4 t 5 4.453963 220.4369
4 t 6 4.518991 220.4274
4 t 7 4.594144 220.4067
4 t 8 4.679176 220.3845
4 t 9 4.773867 220.3818
4 t 10 4.878042 220.4335
4 t 11 4.991592 220.5912
4 t 12 5.114490 220.9240
4 t 13 5.246787 221.5132
4 t 14 5.388583 222.4381
4 t 15 5.539927 223.7457
4 t 16 5.700648 225.4061
4 t 17 5.870134 227.2758
4 t 18 6.047153 229.1061
4 t 19 6.229852 230.6237
4 t 20 6.415999 231.6446
4 t 21 6.603378 232.1452
4 t 22 6.790177 232.2427
4 t 23 6.975195 232.1117
4 t 24 7.157851 231.8999
4 t 25 7.338034 231.6854
4 t 26 7.515898 231.4804
4 t 27 7.691702 231.2556
4 t 28 7.865701 230.9666
4 t 29 8.038102 230.5718
4 t 30 8.209050 230.0415
4 t 31 8.378638 229.3617
4 t 32 8.546918 228.5336
4 t 33 8.713922 227.5725
4 t 34 8.879670 226.5050
4 t 35 9.044187 225.3659
4 t 36 9.207501 224.1954
4 t 37 9.369658 223.0353
4 t 38 9.530717 221.9264
4 t 39 9.690751 220.9053
4 t 40 9.849848 220.0023
4 t 41 10.00810 219.2403
5 t 2 5.363817 199.1704
5 t 3 5.389412 199.3056
5 t 4 5.423441 199.5028
5 t 5 5.465831 199.7768
5 t 6 5.516493 200.1455
5 t 7 5.575339 200.6309
5 t 8 5.642279 201.2577
5 t 9 5.717231 202.0541
5 t 10 5.800129 203.0505
5 t 11 5.890930 204.2798
5 t 12 5.989622 205.7757
5 t 13 6.096232 207.5727
5 t 14 6.210832 209.7037
5 t 15 6.333546 212.1974
5 t 16 6.464546 215.0736
5 t 17 6.604035 218.3335
5 t 18 6.752206 221.9439
5 t 19 6.909156 225.8149
5 t 20 7.074756 229.7760
5 t 21 7.248498 233.5672
5 t 22 7.429355 236.8662
5 t 23 7.615760 239.3558
5 t 24 7.805732 240.8098
5 t 25 7.997135 241.1560
5 t 26 8.187991 240.4881
5 t 27 8.376741 239.0285
5 t 28 8.562394 237.0609
5 t 29 8.744519 234.8619
5 t 30 8.923134 232.6559
5 t 31 9.098542 230.6025
5 t 32 9.271186 228.8043
5 t 33 9.441543 227.3214
5 t 34 9.610072 226.1852
5 t 35 9.777186 225.4055
5 t 36 9.943241 224.9756
5 t 37 10.10854 224.8751
6 t 2 6.405379 202.1921
6 t 3 6.427548 202.6212
6 t 4 6.457053 203.1914
6 t 5 6.493849 203.9007
6 t 6 6.537878 204.7459
6 t 7 6.589076 205.7228
6 t 8 6.647369 206.8254
6 t 9 6.712675 208.0458
6 t 10 6.784906 209.3741
6 t 11 6.863970 210.7983
6 t 12 6.949770 212.3040
6 t 13 7.042209 213.8748
6 t 14 7.141194 215.4928
6 t 15 7.246634 217.1389
6 t 16 7.358454 218.7944
6 t 17 7.476590 220.4414
6 t 18 7.601004 222.0650
6 t 19 7.731687 223.6540
6 t 20 7.868664 225.2025
6 t 21 8.011994 226.7092
6 t 22 8.161754 228.1751
6 t 23 8.318008 229.5960
6 t 24 8.480734 230.9518
6 t 25 8.649726 232.1932
6 t 26 8.824468 233.2367
6 t 27 9.004046 233.9818
6 t 28 9.187152 234.3532
6 t 29 9.372234 234.3536
6 t 30 9.557750 234.0900
6 t 31 9.742447 233.7482
6 t 32 9.925532 233.5267
6 t 33 10.10670 233.5715
7 t 2 7.502724 210.1598
7 t 3 7.521620 210.2769
7 t 4 7.546754 210.4273
7 t 5 7.578075 210.6063
7 t 6 7.615522 210.8083
7 t 7 7.659019 211.0271
7 t 8 7.708484 211.2561
7 t 9 7.763824 211.4886
7 t 10 7.824938 211.7184
7 t 11 7.891722 211.9401
7 t 12 7.964063 212.1498
7 t 13 8.041853 212.3459
7 t 14 8.124980 212.5297
7 t 15 8.213341 212.7061
7 t 16 8.306840 212.8851
7 t 17 8.405399 213.0823
7 t 18 8.508958 213.3196
7 t 19 8.617487 213.6270
7 t 20 8.730995 214.0425
7 t 21 8.849534 214.6130
7 t 22 8.973215 215.3944
7 t 23 9.102218 216.4507
7 t 24 9.236795 217.8515
7 t 25 9.377271 219.6668
7 t 26 9.524032 221.9564
7 t 27 9.677480 224.7522
7 t 28 9.837953 228.0336
7 t 29 10.00561 231.6996
8 t 2 8.550360 201.3837
8 t 3 8.566138 201.4567
8 t 4 8.587145 201.5580
8 t 5 8.613358 201.6912
8 t 6 8.644747 201.8607
8 t 7 8.681281 202.0724
8 t 8 8.722924 202.3329
8 t 9 8.769639 202.6502
8 t 10 8.821392 203.0336
8 t 11 8.878146 203.4935
8 t 12 8.939871 204.0415
8 t 13 9.006537 204.6900
8 t 14 9.078125 205.4525
8 t 15 9.154620 206.3426
8 t 16 9.236016 207.3743
8 t 17 9.322317 208.5607
8 t 18 9.413535 209.9141
8 t 19 9.509696 211.4448
8 t 20 9.610833 213.1605
8 t 21 9.716992 215.0656
8 t 22 9.828227 217.1604
8 t 23 9.944605 219.4408
8 t 24 10.06620 221.8974
9 t 2 9.576451 209.9611
9 t 3 9.591082 210.2393
9 t 4 9.610581 210.6105
9 t 5 9.634942 211.0750
9 t 6 9.664156 211.6329
9 t 7 9.698211 212.2840
9 t 8 9.737097 213.0278
9 t 9 9.780797 213.8632
9 t 10 9.829296 214.7886
9 t 11 9.882576 215.8015
9 t 12 9.940615 216.8985
9 t 13 10.00339 218.0748
