0 s 2 0.3093032 510.5720
0 s 3 0.4688739 418.4070
0 s 4 0.6476182 373.6696
0 s 5 0.8411383 355.8117
0 s 6 1.038981 347.4809
0 s 7 1.232437 342.1783
0 s 8 1.413834 337.5813
0 s 9 1.578162 333.0295
0 s 10 1.725923 328.1258
0 s 11 1.861537 322.3615
0 s 12 1.989259 315.4717
0 s 13 2.111653 307.4819
0 s 14 2.229998 298.5776
0 s 15 2.344897 289.0219
0 s 16 2.456666 279.1077
0 s 17 2.565517 269.1204
0 s 18 2.671646 259.3098
0 s 19 2.775257 249.8722
0 s 20 2.876573 240.9452
0 s 21 2.975826 232.6112
0 s 22 3.073252 224.9068
0 s 23 3.169084 217.8342
0 s 24 3.263544 211.3713
0 s 25 3.356838 205.4812
0 s 26 3.449156 200.1189
0 s 27 3.540665 195.2359
0 s 28 3.631518 190.7841
0 s 29 3.721843 186.7174
0 s 30 3.811757 182.9930
0 s 31 3.901355 179.5719
0 s 32 3.990720 176.4191
0 s 33 4.079923 173.5037
0 s 34 4.169021 170.7982
0 s 35 4.258064 168.2786
0 s 36 4.347091 165.9240
0 s 37 4.436136 163.7161
0 s 38 4.525224 161.6392
0 s 39 4.614376 159.6793
0 s 40 4.703611 157.8247
0 s 41 4.792940 156.0650
0 s 42 4.882373 154.3912
0 s 43 4.971919 152.7958
0 s 44 5.061581 151.2719
0 s 45 5.151364 149.8137
0 s 46 5.241270 148.4164
0 s 47 5.331299 147.0753
0 s 48 5.421452 145.7869
0 s 49 5.511727 144.5478
0 s 50 5.602123 143.3550
0 s 51 5.692640 142.2060
0 s 52 5.783273 141.0987
0 s 53 5.874022 140.0310
0 s 54 5.964883 139.0012
0 s 55 6.055855 138.0078
0 s 56 6.146933 137.0493
0 s 57 6.238117 136.1246
0 s 58 6.329403 135.2324
0 s 59 6.420788 134.3718
0 s 60 6.512270 133.5419
0 s 61 6.603847 132.7417
0 s 62 6.695515 131.9704
0 s 63 6.787274 131.2274
0 s 64 6.879120 130.5118
0 s 65 6.971051 129.8231
0 s 66 7.063066 129.1606
0 s 67 7.155162 128.5237
0 s 68 7.247338 127.9118
0 s 69 7.339593 127.3244
0 s 70 7.431923 126.7609
0 s 71 7.524328 126.2209
0 s 72 7.616807 125.7038
0 s 73 7.709357 125.2092
0 s 74 7.801978 124.7365
0 s 75 7.894669 124.2854
0 s 76 7.987427 123.8554
0 s 77 8.080253 123.4460
0 s 78 8.173144 123.0569
0 s 79 8.266101 122.6876
0 s 80 8.359122 122.3377
0 s 81 8.452206 122.0068
0 s 82 8.545352 121.6945
0 s 83 8.638559 121.4005
0 s 84 8.731828 121.1244
0 s 85 8.825156 120.8658
0 s 86 8.918543 120.6244
0 s 87 9.011989 120.3998
0 s 88 9.105492 120.1917
0 s 89 9.199053 119.9998
0 s 90 9.292670 119.8237
0 s 91 9.386343 119.6632
0 s 92 9.480071 119.5179
0 s 93 9.573854 119.3875
0 s 94 9.667691 119.2718
0 s 95 9.761581 119.1704
0 s 96 9.855525 119.0832
0 s 97 9.949520 119.0097
0 s 98 10.04390 118.9604
1 s 2 0.6807452 309.9144
1 s 3 0.9399165 282.7213
1 s 4 1.171856 271.8216
1 s 5 1.368336 292.5036
1 s 6 1.520580 343.8637
1 s 7 1.654968 369.9640
1 s 8 1.799514 377.2741
1 s 9 1.964614 378.1615
1 s 10 2.149818 376.1059
1 s 11 2.349310 371.6239
1 s 12 2.557059 362.7836
1 s 13 2.768343 342.3679
1 s 14 2.977662 288.4588
1 s 15 3.171148 199.0178
1 s 16 3.338020 164.8701
1 s 17 3.492834 157.9636
1 s 18 3.643510 155.9211
1 s 19 3.792173 155.2018
1 s 20 3.939592 155.0336
1 s 21 4.086131 155.1521
1 s 22 4.231979 155.4265
1 s 23 4.377233 155.7744
1 s 24 4.521932 156.1363
1 s 25 4.666077 156.4672
1 s 26 4.809647 156.7324
1 s 27 4.952599 156.9058
1 s 28 5.094884 156.9682
1 s 29 5.236447 156.9067
1 s 30 5.377227 156.7133
1 s 31 5.517167 156.3848
1 s 32 5.656211 155.9215
1 s 33 5.794304 155.3270
1 s 34 5.931400 154.6079
1 s 35 6.067455 153.7728
1 s 36 6.202433 152.8322
1 s 37 6.336305 151.7977
1 s 38 6.469049 150.6823
1 s 39 6.600651 149.4990
1 s 40 6.731102 148.2613
1 s 41 6.860405 146.9824
1 s 42 6.988567 145.6752
1 s 43 7.115601 144.3516
1 s 44 7.241529 143.0229
1 s 45 7.366378 141.6991
1 s 46 7.490179 140.3892
1 s 47 7.612967 139.1011
1 s 48 7.734784 137.8413
1 s 49 7.855670 136.6153
1 s 50 7.975670 135.4275
1 s 51 8.094830 134.2811
1 s 52 8.213197 133.1788
1 s 53 8.330817 132.1220
1 s 54 8.447737 131.1118
1 s 55 8.564002 130.1484
1 s 56 8.679657 129.2318
1 s 57 8.794743 128.3612
1 s 58 8.909303 127.5359
1 s 59 9.023374 126.7545
1 s 60 9.136996 126.0158
1 s 61 9.250201 125.3183
1 s 62 9.363024 124.6602
1 s 63 9.475496 124.0400
1 s 64 9.587644 123.4559
1 s 65 9.699495 122.9062
1 s 66 9.811076 122.3892
1 s 67 9.922407 121.9033
1 s 68 10.03367 121.4534
2 s 1 0.4049029 395.5304
2 s 2 0.9382911 95.51594
2 s 3 1.244489 407.9782
2 s 4 1.381709 373.3743
2 s 5 1.517920 298.4416
2 s 6 1.683078 237.0351
2 s 7 1.866173 211.0445
2 s 8 2.049763 197.2573
2 s 9 2.228890 187.8179
2 s 10 2.402787 180.8412
2 s 11 2.571822 175.8450
2 s 12 2.736852 173.0487
2 s 13 2.899396 174.1820
2 s 14 3.063340 188.9027
2 s 15 3.241873 262.6342
2 s 16 3.445585 355.3945
2 s 17 3.659955 388.0897
2 s 18 3.877190 399.0093
2 s 19 4.095317 403.7953
2 s 20 4.313704 406.3990
2 s 21 4.532092 407.9438
2 s 22 4.750355 408.6611
2 s 23 4.968396 408.0480
2 s 24 5.185979 402.3174
2 s 25 5.400124 316.2348
2 s 26 5.575388 193.3966
2 s 27 5.737327 188.8811
2 s 28 5.898111 186.2604
2 s 29 6.058142 183.9592
2 s 30 6.217452 181.8316
2 s 31 6.376025 179.8451
2 s 32 6.533832 177.9873
2 s 33 6.690847 176.2511
2 s 34 6.847049 174.6314
2 s 35 7.002418 173.1240
2 s 36 7.156940 171.7248
2 s 37 7.310607 170.4297
2 s 38 7.463414 169.2341
2 s 39 7.615360 168.1334
2 s 40 7.766449 167.1219
2 s 41 7.916687 166.1936
2 s 42 8.066081 165.3417
2 s 43 8.214640 164.5588
2 s 44 8.362375 163.8370
2 s 45 8.509294 163.1680
2 s 46 8.655405 162.5432
2 s 47 8.800714 161.9539
2 s 48 8.945225 161.3916
2 s 49 9.088940 160.8481
2 s 50 9.231858 160.3155
2 s 51 9.373974 159.7867
2 s 52 9.515284 159.2554
2 s 53 9.655778 158.7159
2 s 54 9.795446 158.1639
2 s 55 9.934278 157.5955
2 s 56 10.07259 157.0049
3 s 1 0.9514784 793.0614
3 s 2 1.109280 365.8791
3 s 3 1.417204 90.92420
3 s 4 1.833301 89.98535
3 s 5 2.234539 89.91603
3 s 6 2.546244 274.7094
3 s 7 2.682593 268.8127
3 s 8 2.815795 263.3401
3 s 9 2.947739 258.6118
3 s 10 3.080976 254.2858
3 s 11 3.217449 250.0496
3 s 12 3.358186 245.7281
3 s 13 3.503434 241.2723
3 s 14 3.652915 236.7141
3 s 15 3.806055 232.1227
3 s 16 3.962171 227.5736
3 s 17 4.120581 223.1330
3 s 18 4.280672 218.8518
3 s 19 4.441930 214.7666
3 s 20 4.603939 210.9042
3 s 21 4.766379 207.2908
3 s 22 4.929015 203.9729
3 s 23 5.091701 201.1032
3 s 24 5.254505 199.5965
3 s 25 5.420287 227.0065
3 s 26 5.624398 405.7408
3 s 27 5.841215 415.3127
3 s 28 6.058511 416.9891
3 s 29 6.275837 417.7756
3 s 30 6.493122 418.3356
3 s 31 6.710350 418.8024
3 s 32 6.927519 419.2155
3 s 33 7.144634 419.5902
3 s 34 7.361696 419.9340
3 s 35 7.578713 420.2512
3 s 36 7.795686 420.5445
3 s 37 8.012622 420.8145
3 s 38 8.229522 421.0563
3 s 39 8.446385 421.2090
3 s 40 8.652115 232.2785
3 s 41 8.808964 229.0155
3 s 42 8.964992 226.2330
3 s 43 9.120291 223.5147
3 s 44 9.274912 220.8740
3 s 45 9.428903 218.3236
3 s 46 9.582307 215.8725
3 s 47 9.735162 213.5260
3 s 48 9.887499 211.2872
3 s 49 10.03988 209.1275
4 s 1 1.420618 363.0652
4 s 2 1.738536 444.1520
4 s 3 2.071373 483.8059
4 s 4 2.278022 285.8039
4 s 5 2.408720 280.7491
4 s 6 2.626930 89.79513
4 s 7 3.013633 89.67509
4 s 8 3.396906 89.60414
4 s 9 3.711473 326.9834
4 s 10 3.862945 296.8079
4 s 11 4.006763 281.6170
4 s 12 4.148074 272.6602
4 s 13 4.289529 267.0223
4 s 14 4.432825 263.4412
4 s 15 4.579029 261.2270
4 s 16 4.728693 259.9421
4 s 17 4.881967 259.2845
4 s 18 5.038699 259.0365
4 s 19 5.198537 259.0373
4 s 20 5.361013 259.1671
4 s 21 5.525613 259.3359
4 s 22 5.691824 259.4759
4 s 23 5.859168 259.5356
4 s 24 6.027225 259.4747
4 s 25 6.195632 259.2614
4 s 26 6.364093 258.8700
4 s 27 6.532362 258.2794
4 s 28 6.700244 257.4727
4 s 29 6.867584 256.4373
4 s 30 7.034258 255.1651
4 s 31 7.200168 253.6538
4 s 32 7.365239 251.9065
4 s 33 7.529416 249.9332
4 s 34 7.692658 247.7505
4 s 35 7.854943 245.3811
4 s 36 8.016262 242.8535
4 s 37 8.176621 240.2007
4 s 38 8.336039 237.4597
4 s 39 8.494550 234.6850
4 s 40 8.663294 420.0584
4 s 41 8.880065 421.7485
4 s 42 9.096854 421.9651
4 s 43 9.313625 422.1535
4 s 44 9.530377 422.3284
4 s 45 9.747111 422.4922
4 s 46 9.963829 422.6458
4 s 47 10.18202 422.7850
5 s 1 1.713916 90.69082
5 s 2 2.093393 314.1481
5 s 3 2.169596 293.4938
5 s 4 2.406156 510.1953
5 s 5 2.732160 515.6950
5 s 6 3.039185 515.7118
5 s 7 3.314656 489.6930
5 s 8 3.538104 397.2246
5 s 9 3.777804 89.54076
5 s 10 4.156999 89.48294
5 s 11 4.481101 380.0536
5 s 12 4.718220 387.9041
5 s 13 4.942300 383.5972
5 s 14 5.148439 363.8221
5 s 15 5.335238 336.5909
5 s 16 5.507322 314.0819
5 s 17 5.671214 299.0403
5 s 18 5.831575 289.3118
5 s 19 5.991007 282.7595
5 s 20 6.150821 278.0363
5 s 21 6.311587 274.3434
5 s 22 6.473440 271.1962
5 s 23 6.636255 268.2929
5 s 24 6.799754 265.4448
5 s 25 6.963579 262.5426
5 s 26 7.127357 259.5366
5 s 27 7.290738 256.4262
5 s 28 7.453436 253.2498
5 s 29 7.615248 250.0748
5 s 30 7.776066 246.9860
5 s 31 7.935874 244.0733
5 s 32 8.094741 241.4208
5 s 33 8.252798 239.0977
5 s 34 8.410222 237.1540
5 s 35 8.567214 235.6177
5 s 36 8.723976 234.4963
5 s 37 8.880699 233.7792
5 s 38 9.037550 233.4408
5 s 39 9.194665 233.4444
5 s 40 9.352147 233.7457
5 s 41 9.510064 234.2962
5 s 42 9.668451 235.0453
5 s 43 9.827315 235.9431
5 s 44 9.986637 236.9416
5 s 45 10.14672 237.9788
6 s 1 1.987205 641.4244
6 s 2 2.410822 92.43737
6 s 3 2.827273 428.0526
6 s 4 3.095865 341.3386
6 s 5 3.267110 269.0293
6 s 6 3.404093 254.5353
6 s 7 3.556749 256.4789
6 s 8 3.752009 287.0001
6 s 9 3.987894 332.5781
6 s 10 4.235732 362.7500
6 s 11 4.534938 89.43001
6 s 12 4.911919 89.38042
6 s 13 5.238024 254.4107
6 s 14 5.419181 262.6927
6 s 15 5.616695 277.3076
6 s 16 5.825869 292.5048
6 s 17 6.040022 303.9619
6 s 18 6.254122 310.7294
6 s 19 6.464911 313.0915
6 s 20 6.670188 311.4051
6 s 21 6.868458 306.0946
6 s 22 7.058988 298.0330
6 s 23 7.241993 288.6385
6 s 24 7.418579 279.3903
6 s 25 7.590334 271.2629
6 s 26 7.758858 264.6178
6 s 27 7.925467 259.4301
6 s 28 8.091126 255.5201
6 s 29 8.256486 252.6782
6 s 30 8.421949 250.7088
6 s 31 8.587739 249.4386
6 s 32 8.753950 248.7144
6 s 33 8.920584 248.4008
6 s 34 9.087585 248.3776
6 s 35 9.254854 248.5401
6 s 36 9.422267 248.7983
6 s 37 9.589686 249.0766
6 s 38 9.756967 249.3134
6 s 39 9.923962 249.4602
6 s 40 10.09100 249.4905
7 s 1 2.223492 250.7758
7 s 2 2.521290 351.0560
7 s 3 3.082560 89.42135
7 s 4 3.418733 336.6767
7 s 5 3.673530 483.3588
7 s 6 3.975505 501.3930
7 s 7 4.250152 401.8985
7 s 8 4.457050 313.5901
7 s 9 4.618501 278.1994
7 s 10 4.767111 263.9529
7 s 11 4.916450 256.7654
7 s 12 5.071970 253.2827
7 s 13 5.288155 89.33320
7 s 14 5.663800 89.28752
7 s 15 6.038972 89.24264
7 s 16 6.413757 89.19794
7 s 17 6.609530 242.1826
7 s 18 6.761743 240.0419
7 s 19 6.917725 238.8037
7 s 20 7.078539 238.6996
7 s 21 7.245141 239.9422
7 s 22 7.418015 242.5092
7 s 23 7.596837 245.9781
7 s 24 7.780467 249.6414
7 s 25 7.967323 252.8482
7 s 26 8.155854 255.2437
7 s 27 8.344819 256.7705
7 s 28 8.533362 257.5493
7 s 29 8.720964 257.7662
7 s 30 8.907353 257.6034
7 s 31 9.092422 257.2083
7 s 32 9.276155 256.6852
7 s 33 9.458577 256.0994
7 s 34 9.639721 255.4868
7 s 35 9.819616 254.8649
7 s 36 9.998279 254.2410
7 s 37 10.17691 253.6787
8 s 1 2.887649 930.7411
8 s 2 3.213029 252.4275
8 s 3 3.282820 253.2152
8 s 4 3.704395 92.31097
8 s 5 4.190276 584.7749
8 s 6 4.463032 434.1685
8 s 7 4.683113 352.6850
8 s 8 4.952398 428.9798
8 s 9 5.263577 514.8763
8 s 10 5.543316 417.8034
8 s 11 5.723310 302.3867
8 s 12 5.875759 273.9301
8 s 13 6.021936 261.2124
8 s 14 6.167040 253.8710
8 s 15 6.312852 248.8695
8 s 16 6.460147 245.1035
8 s 17 6.788224 89.15282
8 s 18 7.162427 89.10678
8 s 19 7.536411 89.05935
8 s 20 7.836927 241.5061
8 s 21 7.981949 239.0086
8 s 22 8.128864 237.4617
8 s 23 8.278270 236.6967
8 s 24 8.430677 236.6121
8 s 25 8.586496 237.1253
8 s 26 8.746013 238.1506
8 s 27 8.909365 239.5911
8 s 28 9.076534 241.3382
8 s 29 9.247353 243.2778
8 s 30 9.421528 245.2997
8 s 31 9.598670 247.3078
8 s 32 9.778341 249.2270
8 s 33 9.960083 251.0063
8 s 34 10.14440 252.7085
9 s 1 3.193745 222.6643
9 s 2 3.247744 689.4760
9 s 3 3.575623 806.6519
9 s 4 3.899212 567.1664
9 s 5 4.325866 90.87117
9 s 6 4.618356 340.6142
9 s 7 4.875493 515.0926
9 s 8 5.147145 480.0938
9 s 9 5.389767 368.4165
9 s 10 5.629986 363.7362
9 s 11 5.933948 456.6292
9 s 12 6.241558 487.5772
9 s 13 6.539260 498.4895
9 s 14 6.821162 481.3431
9 s 15 7.066222 379.4307
9 s 16 7.250383 290.1713
9 s 17 7.403893 262.4404
9 s 18 7.549417 251.3447
9 s 19 7.693086 245.3131
9 s 20 7.910209 89.01009
9 s 21 8.283850 88.95862
9 s 22 8.657359 88.90457
9 s 23 9.030755 88.84763
9 s 24 9.196644 249.3573
9 s 25 9.347993 246.2240
9 s 26 9.500046 244.7110
9 s 27 9.653684 244.0531
9 s 28 9.809362 243.8722
9 s 29 9.967318 243.9508
9 s 30 10.12808 244.1385
10 s 1 3.394718 88.94732
10 s 2 4.038496 127.7859
10 s 3 4.302055 277.2903
10 s 4 4.377532 236.1546
10 s 5 4.465541 241.1510
10 s 6 4.914177 87.17255
10 s 7 5.489297 88.50668
10 s 8 5.733324 280.5188
10 s 9 5.939614 322.9987
10 s 10 6.190548 380.3384
10 s 11 6.454308 379.8236
10 s 12 6.686230 320.1690
10 s 13 6.873904 276.2580
10 s 14 7.042534 261.7879
10 s 15 7.230978 292.6825
10 s 16 7.471330 368.9288
10 s 17 7.736103 410.5379
10 s 18 8.002585 422.2753
10 s 19 8.261757 411.5936
10 s 20 8.503129 369.6665
10 s 21 8.711348 308.2210
10 s 22 8.886067 271.1765
10 s 23 9.044150 255.9514
10 s 24 9.404054 88.78748
10 s 25 9.777271 88.72385
10 s 26 10.10052 332.9878
11 s 1 3.699279 682.5634
11 s 2 4.065678 198.7403
11 s 3 4.470340 480.2847
11 s 4 4.781849 708.0197
11 s 5 5.091019 648.5793
11 s 6 5.362272 425.5322
11 s 7 5.562602 271.1990
11 s 8 6.055970 86.42690
11 s 9 6.501614 632.4746
11 s 10 6.757096 331.0206
11 s 11 6.937984 302.8953
11 s 12 7.158486 361.1259
11 s 13 7.422643 418.2799
11 s 14 7.688194 396.2079
11 s 15 7.917097 329.0795
11 s 16 8.102945 282.8419
11 s 17 8.263011 260.8077
11 s 18 8.413807 251.6325
11 s 19 8.566590 251.5384
11 s 20 8.733612 266.4255
11 s 21 8.930899 306.3863
11 s 22 9.158723 348.0141
11 s 23 9.399501 367.6779
11 s 24 9.640698 368.9550
11 s 25 9.875290 356.5705
11 s 26 10.15044 88.65588
12 s 1 4.294437 223.6298
12 s 2 4.324715 230.1201
12 s 3 4.683805 86.39405
12 s 4 5.294508 87.92729
12 s 5 5.530628 222.2756
12 s 6 5.663975 282.5205
12 s 7 5.894755 454.1064
12 s 8 6.190466 600.8737
12 s 9 6.610251 86.25468
12 s 10 6.883367 429.4619
12 s 11 7.199318 589.2605
12 s 12 7.531387 608.0735
12 s 13 7.863208 596.2282
12 s 14 8.188136 578.2204
12 s 15 8.457304 388.6230
12 s 16 8.701951 404.8877
12 s 17 8.939812 370.8570
12 s 18 9.148764 318.6786
12 s 19 9.328613 284.5235
12 s 20 9.490390 266.8317
12 s 21 9.643789 258.2112
12 s 22 9.794755 254.5105
12 s 23 9.946971 254.0846
12 s 24 10.10444 256.9257
13 s 1 4.512314 736.0967
13 s 2 4.865486 883.1969
13 s 3 5.215905 884.2264
13 s 4 5.451898 208.2217
13 s 5 5.851425 184.8196
13 s 6 6.183207 627.7552
13 s 7 6.408787 360.8706
13 s 8 6.552020 271.1823
13 s 9 6.679840 257.1180
13 s 10 7.155547 85.82064
13 s 11 7.693027 85.69761
13 s 12 7.948662 246.5110
13 s 13 8.085592 255.0487
13 s 14 8.256421 284.3967
13 s 15 8.521568 458.3957
13 s 16 8.836444 488.6635
13 s 17 9.149391 498.1434
13 s 18 9.457205 501.7310
13 s 19 9.755627 490.7142
13 s 20 10.04382 459.7843
14 s 1 4.926337 87.98602
14 s 2 5.370498 201.7925
14 s 3 5.405466 206.8608
14 s 4 5.568421 769.8116
14 s 5 5.938949 137.0272
14 s 6 6.493050 91.04259
14 s 7 6.776661 349.6282
14 s 8 7.061831 507.7068
14 s 9 7.370562 528.7425
14 s 10 7.643480 364.8881
14 s 11 7.819202 260.9985
14 s 12 8.224059 85.58617
14 s 13 8.749491 85.60232
14 s 14 8.993272 304.6588
14 s 15 9.164808 272.8782
14 s 16 9.332283 283.3001
14 s 17 9.524352 321.1772
14 s 18 9.750448 377.2590
14 s 19 10.00571 417.4879
15 s 1 5.316615 702.3782
15 s 2 5.560520 98.67533
15 s 3 6.055746 783.8380
15 s 4 6.339938 358.4059
15 s 5 6.468058 238.6233
15 s 6 6.589779 221.0466
15 s 7 7.086224 86.98554
15 s 8 7.665589 88.77830
15 s 9 7.777732 248.9108
15 s 10 7.917649 327.6788
15 s 11 8.168201 515.2844
15 s 12 8.474018 554.8208
15 s 13 8.766613 426.3996
15 s 14 9.270161 85.42850
15 s 15 9.695355 534.3529
15 s 16 10.04351 549.7268
16 s 1 5.349502 199.7387
16 s 2 5.715515 378.4631
16 s 3 6.222629 86.36471
16 s 4 6.575204 322.8704
16 s 5 6.862898 614.4872
16 s 6 7.189187 751.3893
16 s 7 7.517845 790.9322
16 s 8 7.694503 227.1696
16 s 9 8.165893 644.0587
16 s 10 8.491373 814.1241
16 s 11 8.791435 523.4869
16 s 12 8.977635 265.0386
16 s 13 9.137566 292.6013
16 s 14 9.378473 415.6913
16 s 15 9.786620 85.36726
16 s 16 10.11996 296.9408
17 s 1 6.151674 695.9822
17 s 2 6.388067 221.9906
17 s 3 6.443097 214.4823
17 s 4 6.854122 85.56538
17 s 5 7.465397 90.89177
17 s 6 7.580160 232.6913
17 s 7 7.631432 230.3050
17 s 8 7.846507 721.1006
17 s 9 8.249925 88.97849
17 s 10 8.816469 94.74013
17 s 11 8.936086 263.1157
17 s 12 9.171472 551.7332
17 s 13 9.462504 568.5002
17 s 14 9.728332 444.1066
17 s 15 9.943966 337.5954
17 s 16 10.29942 85.31347
18 s 1 6.392394 194.5206
18 s 2 6.570268 586.7195
18 s 3 6.925549 864.2435
18 s 4 7.279536 960.2754
18 s 5 7.528447 242.9554
18 s 6 7.982779 327.7200
18 s 7 8.331478 692.1785
18 s 8 8.616948 362.9742
18 s 9 8.743753 228.2237
18 s 10 8.829208 178.7182
18 s 11 9.384340 85.74699
18 s 12 9.894169 310.2718
18 s 13 10.06193 282.7275
19 s 1 6.428061 88.84964
19 s 2 7.081308 89.99583
19 s 3 7.498576 223.5502
19 s 4 7.530595 220.0184
19 s 5 7.676343 464.8171
19 s 6 8.097833 101.0964
19 s 7 8.669600 103.0817
19 s 8 8.803567 313.8963
19 s 9 9.074898 644.0771
19 s 10 9.387596 653.1186
19 s 11 9.675138 472.6323
19 s 12 9.945803 85.94232
19 s 13 10.49839 180.5161
20 s 1 6.986305 893.8187
20 s 2 7.387560 528.6262
20 s 3 7.695203 120.9700
20 s 4 8.147337 774.4794
20 s 5 8.497455 535.7507
20 s 6 8.634254 213.9633
20 s 7 8.700788 156.0654
20 s 8 9.263544 87.81952
20 s 9 9.796366 222.9475
20 s 10 9.899700 240.2500
20 s 11 10.02305 290.4981
21 s 1 7.483709 212.3898
21 s 2 7.504304 223.2736
21 s 3 7.820671 212.2809
21 s 4 8.374349 86.83752
21 s 5 8.639036 243.0129
21 s 6 8.889411 762.7788
21 s 7 9.217100 796.4885
21 s 8 9.540465 661.9529
21 s 9 9.843927 124.6843
21 s 10 10.18819 816.4127
22 s 1 7.851490 649.4333
22 s 2 8.240271 702.2357
22 s 3 8.557322 220.2790
22 s 4 8.589629 205.6145
22 s 5 9.005253 85.41269
22 s 6 9.618628 98.34750
22 s 7 9.711085 221.3076
22 s 8 9.764769 228.7006
22 s 9 9.896993 213.5154
22 s 10 10.43826 86.40921
23 s 1 7.899759 87.88489
23 s 2 8.552181 200.3979
23 s 3 8.633712 573.2821
23 s 4 8.983834 813.8385
23 s 5 9.334054 904.2172
23 s 6 9.662168 225.1588
24 s 1 8.540841 201.8994
24 s 2 8.586550 87.47287
24 s 3 9.224098 93.91459
24 s 4 9.606158 215.2811
24 s 5 9.635670 213.7676
24 s 6 9.701898 349.3051
24 s 7 10.24619 88.20171
25 s 1 8.695097 849.8541
25 s 2 9.063840 803.2810
25 s 3 9.461116 440.7147
25 s 4 9.775505 244.0866
25 s 5 10.17767 753.0031
26 s 1 9.365461 85.81990
26 s 2 9.572369 210.0068
26 s 3 9.590364 211.6943
26 s 4 9.920388 113.0989
26 s 5 10.51693 87.35770
27 s 1 9.523688 641.0722
27 s 2 9.903660 788.4042
27 s 3 10.28464 689.7661
28 s 1 9.564962 216.1182
