0 t 2 0.3785700 250.2012
0 t 3 0.5852878 239.8351
0 t 4 0.7645907 228.0781
0 t 5 0.9270288 216.2781
0 t 6 1.077496 205.3135
0 t 7 1.219244 195.5384
0 t 8 1.354520 186.9907
0 t 9 1.484863 179.5783
0 t 10 1.611339 173.1732
0 t 11 1.734717 167.6471
0 t 12 1.855576 162.8817
0 t 13 1.974370 158.7715
0 t 14 2.091462 155.2236
0 t 15 2.207149 152.1574
0 t 16 2.321676 149.5033
0 t 17 2.435245 147.2017
0 t 18 2.548023 145.2017
0 t 19 2.660148 143.4605
0 t 20 2.771736 141.9414
0 t 21 2.882881 140.6136
0 t 22 2.993663 139.4509
0 t 23 3.104146 138.4311
0 t 24 3.214384 137.5354
0 t 25 3.324423 136.7478
0 t 26 3.434299 136.0547
0 t 27 3.544042 135.4444
0 t 28 3.653679 134.9069
0 t 29 3.763230 134.4337
0 t 30 3.872711 134.0174
0 t 31 3.982138 133.6516
0 t 32 4.091522 133.3309
0 t 33 4.200873 133.0504
0 t 34 4.310198 132.8060
0 t 35 4.419504 132.5941
0 t 36 4.528795 132.4116
0 t 37 4.638077 132.2557
0 t 38 4.747352 132.1239
0 t 39 4.856622 132.0142
0 t 40 4.965891 131.9247
0 t 41 5.075158 131.8537
0 t 42 5.184427 131.7997
0 t 43 5.293696 131.7615
0 t 44 5.402967 131.7380
0 t 45 5.512240 131.7280
0 t 46 5.621516 131.7308
0 t 47 5.730793 131.7454
0 t 48 5.840072 131.7712
0 t 49 5.949353 131.8075
0 t 50 6.058635 131.8538
0 t 51 6.167917 131.9095
0 t 52 6.277200 131.9742
0 t 53 6.386483 132.0474
0 t 54 6.495765 132.1288
0 t 55 6.605045 132.2181
0 t 56 6.714324 132.3149
0 t 57 6.823600 132.4190
0 t 58 6.932873 132.5301
0 t 59 7.042141 132.6481
0 t 60 7.151406 132.7726
0 t 61 7.260665 132.9035
0 t 62 7.369919 133.0407
0 t 63 7.479166 133.1841
0 t 64 7.588407 133.3334
0 t 65 7.697640 133.4886
0 t 66 7.806865 133.6495
0 t 67 7.916081 133.8161
0 t 68 8.025289 133.9883
0 t 69 8.134486 134.1660
0 t 70 8.243673 134.3491
0 t 71 8.352849 134.5376
0 t 72 8.462014 134.7314
0 t 73 8.571166 134.9305
0 t 74 8.680306 135.1348
0 t 75 8.789433 135.3442
0 t 76 8.898547 135.5589
0 t 77 9.007646 135.7787
0 t 78 9.116731 136.0036
0 t 79 9.225801 136.2335
0 t 80 9.334855 136.4686
0 t 81 9.443893 136.7087
0 t 82 9.552915 136.9539
0 t 83 9.661919 137.2042
0 t 84 9.770906 137.4595
0 t 85 9.879875 137.7199
0 t 86 9.988825 137.9853
0 t 87 10.09776 138.2559
1 t 2 1.319263 256.0696
1 t 3 1.438105 252.5704
1 t 4 1.584268 249.3933
1 t 5 1.749042 246.0233
1 t 6 1.923936 241.9227
1 t 7 2.101924 237.0577
1 t 8 2.278203 231.9054
1 t 9 2.450327 227.0920
1 t 10 2.617739 223.0192
1 t 11 2.780938 219.7544
1 t 12 2.940757 217.1455
1 t 13 3.097948 214.9705
1 t 14 3.253051 213.0252
1 t 15 3.406408 211.1537
1 t 16 3.558205 209.2485
1 t 17 3.708535 207.2421
1 t 18 3.857427 205.0975
1 t 19 4.004877 202.7997
1 t 20 4.150865 200.3502
1 t 21 4.295365 197.7620
1 t 22 4.438349 195.0563
1 t 23 4.579798 192.2594
1 t 24 4.719696 189.4007
1 t 25 4.858039 186.5107
1 t 26 4.994833 183.6191
1 t 27 5.130093 180.7540
1 t 28 5.263844 177.9408
1 t 29 5.396123 175.2015
1 t 30 5.526973 172.5544
1 t 31 5.656446 170.0142
1 t 32 5.784599 167.5917
1 t 33 5.911494 165.2943
1 t 34 6.037198 163.1265
1 t 35 6.161779 161.0900
1 t 36 6.285305 159.1844
1 t 37 6.407846 157.4073
1 t 38 6.529468 155.7552
1 t 39 6.650238 154.2234
1 t 40 6.770220 152.8064
1 t 41 6.889474 151.4983
1 t 42 7.008057 150.2931
1 t 43 7.126025 149.1844
1 t 44 7.243427 148.1660
1 t 45 7.360311 147.2320
1 t 46 7.476720 146.3764
1 t 47 7.592695 145.5935
1 t 48 7.708274 144.8782
1 t 49 7.823490 144.2252
1 t 50 7.938375 143.6299
1 t 51 8.052957 143.0879
1 t 52 8.167263 142.5950
1 t 53 8.281315 142.1473
1 t 54 8.395136 141.7414
1 t 55 8.508744 141.3738
1 t 56 8.622158 141.0414
1 t 57 8.735394 140.7415
1 t 58 8.848466 140.4714
1 t 59 8.961387 140.2286
1 t 60 9.074169 140.0109
1 t 61 9.186822 139.8162
1 t 62 9.299357 139.6424
1 t 63 9.411781 139.4879
1 t 64 9.524103 139.3510
1 t 65 9.636330 139.2300
1 t 66 9.748467 139.1236
1 t 67 9.860522 139.0305
1 t 68 9.972499 138.9493
1 t 69 10.08440 138.8789
2 t 2 2.228999 204.4838
2 t 3 2.293016 206.2709
2 t 4 2.377750 208.9362
2 t 5 2.482785 212.6298
2 t 6 2.607533 217.3862
2 t 7 2.750903 222.9818
2 t 8 2.910847 228.8431
2 t 9 3.084115 234.1658
2 t 10 3.266548 238.2418
2 t 11 3.453802 240.7368
2 t 12 3.642112 241.7229
2 t 13 3.828766 241.5248
2 t 14 4.012220 240.5301
2 t 15 4.191909 239.0575
2 t 16 4.367900 237.3124
2 t 17 4.540561 235.4055
2 t 18 4.710332 233.3926
2 t 19 4.877611 231.3073
2 t 20 5.042719 229.1791
2 t 21 5.205907 227.0399
2 t 22 5.367369 224.9238
2 t 23 5.527265 222.8646
2 t 24 5.685731 220.8919
2 t 25 5.842889 219.0292
2 t 26 5.998848 217.2915
2 t 27 6.153712 215.6851
2 t 28 6.307571 214.2076
2 t 29 6.460508 212.8495
2 t 30 6.612591 211.5946
2 t 31 6.763876 210.4225
2 t 32 6.914406 209.3095
2 t 33 7.064209 208.2308
2 t 34 7.213301 207.1612
2 t 35 7.361685 206.0767
2 t 36 7.509352 204.9554
2 t 37 7.656286 203.7777
2 t 38 7.802460 202.5278
2 t 39 7.947842 201.1931
2 t 40 8.092394 199.7649
2 t 41 8.236077 198.2384
2 t 42 8.378848 196.6127
2 t 43 8.520665 194.8903
2 t 44 8.661488 193.0771
2 t 45 8.801277 191.1819
2 t 46 8.940000 189.2158
2 t 47 9.077627 187.1920
2 t 48 9.214134 185.1248
2 t 49 9.349506 183.0294
2 t 50 9.483732 180.9212
2 t 51 9.616810 178.8150
2 t 52 9.748745 176.7251
2 t 53 9.879550 174.6645
2 t 54 10.00924 172.6449
3 t 2 3.228713 216.3606
3 t 3 3.274377 217.8122
3 t 4 3.334848 219.6935
3 t 5 3.409822 221.9613
3 t 6 3.498977 224.5656
3 t 7 3.601999 227.4503
3 t 8 3.718594 230.5508
3 t 9 3.848471 233.7840
3 t 10 3.991265 237.0278
3 t 11 4.146382 240.0926
3 t 12 4.312781 242.7026
3 t 13 4.488778 244.5185
3 t 14 4.672005 245.2175
3 t 15 4.859607 244.6072
3 t 16 5.048645 242.7166
3 t 17 5.236565 239.8152
3 t 18 5.421561 236.3401
3 t 19 5.602720 232.7590
3 t 20 5.779914 229.4407
3 t 21 5.953525 226.5983
3 t 22 6.124166 224.3057
3 t 23 6.292471 222.5453
3 t 24 6.458989 221.2533
3 t 25 6.624153 220.3482
3 t 26 6.788279 219.7467
3 t 27 6.951587 219.3699
3 t 28 7.114219 219.1472
3 t 29 7.276259 219.0165
3 t 30 7.437749 218.9251
3 t 31 7.598700 218.8291
3 t 32 7.759100 218.6938
3 t 33 7.918924 218.4930
3 t 34 8.078139 218.2088
3 t 35 8.236708 217.8310
3 t 36 8.394590 217.3562
3 t 37 8.551752 216.7878
3 t 38 8.708162 216.1346
3 t 39 8.863796 215.4097
3 t 40 9.018641 214.6302
3 t 41 9.172689 213.8154
3 t 42 9.325946 212.9860
3 t 43 9.478426 212.1627
3 t 44 9.630154 211.3650
3 t 45 9.781162 210.6104
3 t 46 9.931490 209.9136
3 t 47 10.08118 209.2855
4 t 2 4.320659 220.9737
4 t 3 4.353976 220.9919
4 t 4 4.398130 221.0044
4 t 5 4.452912 221.0046
4 t 6 4.518080 220.9879
4 t 7 4.593381 220.9546
4 t 8 4.678561 220.9130
4 t 9 4.773390 220.8818
4 t 10 4.877679 220.8940
4 t 11 4.991302 220.9990
4 t 12 5.114214 221.2639
4 t 13 5.246446 221.7688
4 t 14 5.388078 222.5940
4 t 15 5.539149 223.7907
4 t 16 5.699495 225.3395
4 t 17 5.868536 227.1119
4 t 18 6.045095 228.8745
4 t 19 6.227388 230.3622
4 t 20 6.413238 231.3883
4 t 21 6.600458 231.9183
4 t 22 6.787233 232.0573
4 t 23 6.972340 231.9720
4 t 24 7.155166 231.8064
4 t 25 7.335567 231.6378
4 t 26 7.513677 231.4779
4 t 27 7.689741 231.2967
4 t 28 7.864004 231.0482
4 t 29 8.036667 230.6892
4 t 30 8.207871 230.1886
4 t 31 8.377705 229.5313
4 t 32 8.546219 228.7182
4 t 33 8.713441 227.7648
4 t 34 8.879391 226.6985
4 t 35 9.044087 225.5555
4 t 36 9.207561 224.3778
4 t 37 9.369857 223.2097
4 t 38 9.531036 222.0941
4 t 39 9.691175 221.0699
4 t 40 9.850367 220.1693
4 t 41 10.00871 219.4162
5 t 2 5.364928 199.0023
5 t 3 5.390490 199.1178
5 t 4 5.424473 199.2893
5 t 5 5.466799 199.5319
5 t 6 5.517379 199.8644
5 t 7 5.576120 200.3095
5 t 8 5.642928 200.8931
5 t 9 5.717720 201.6446
5 t 10 5.800425 202.5961
5 t 11 5.891000 203.7822
5 t 12 5.989428 205.2387
5 t 13 6.095735 207.0019
5 t 14 6.209992 209.1070
5 t 15 6.332321 211.5848
5 t 16 6.462892 214.4571
5 t 17 6.601906 217.7271
5 t 18 6.749558 221.3643
5 t 19 6.905951 225.2821
5 t 20 7.070977 229.3148
5 t 21 7.244157 233.2072
5 t 22 7.424515 236.6392
5 t 23 7.610542 239.2907
5 t 24 7.800312 240.9259
5 t 25 7.991726 241.4559
5 t 26 8.182816 240.9547
5 t 27 8.372002 239.6261
5 t 28 8.558242 237.7411
5 t 29 8.741043 235.5723
5 t 30 8.920361 233.3487
5 t 31 9.096448 231.2397
5 t 32 9.269711 229.3592
5 t 33 9.440607 227.7789
5 t 34 9.609587 226.5399
5 t 35 9.777064 225.6601
5 t 36 9.943402 225.1388
5 t 37 10.10891 224.9595
6 t 2 6.401927 201.5754
6 t 3 6.424062 202.0200
6 t 4 6.453524 202.6114
6 t 5 6.490269 203.3478
6 t 6 6.534244 204.2265
6 t 7 6.585387 205.2434
6 t 8 6.643627 206.3929
6 t 9 6.708886 207.6673
6 t 10 6.781081 209.0567
6 t 11 6.860122 210.5486
6 t 12 6.945916 212.1283
6 t 13 7.038371 213.7785
6 t 14 7.137393 215.4801
6 t 15 7.242896 217.2123
6 t 16 7.354800 218.9543
6 t 17 7.473042 220.6857
6 t 18 7.597578 222.3884
6 t 19 7.728389 224.0477
6 t 20 7.865489 225.6537
6 t 21 8.008921 227.2007
6 t 22 8.158742 228.6855
6 t 23 8.314995 230.1007
6 t 24 8.477644 231.4253
6 t 25 8.646477 232.6127
6 t 26 8.820993 233.5867
6 t 27 9.000315 234.2552
6 t 28 9.183186 234.5503
6 t 29 9.368104 234.4765
6 t 30 9.553556 234.1391
6 t 31 9.738289 233.7229
6 t 32 9.921490 233.4299
6 t 33 10.10282 233.4135
7 t 2 7.499128 210.9732
7 t 3 7.518097 211.0983
7 t 4 7.543328 211.2586
7 t 5 7.574771 211.4490
7 t 6 7.612362 211.6631
7 t 7 7.656029 211.8939
7 t 8 7.705686 212.1337
7 t 9 7.761240 212.3747
7 t 10 7.822590 212.6094
7 t 11 7.889627 212.8310
7 t 12 7.962238 213.0341
7 t 13 8.040309 213.2154
7 t 14 8.123724 213.3747
7 t 15 8.212374 213.5153
7 t 16 8.306155 213.6457
7 t 17 8.404979 213.7800
7 t 18 8.508778 213.9394
7 t 19 8.617508 214.1530
7 t 20 8.731163 214.4589
7 t 21 8.849781 214.9044
7 t 22 8.973458 215.5467
7 t 23 9.102353 216.4518
7 t 24 9.236701 217.6927
7 t 25 9.376811 219.3438
7 t 26 9.523052 221.4714
7 t 27 9.675822 224.1168
7 t 28 9.835463 227.2720
7 t 29 10.00216 230.8519
8 t 2 8.551855 201.4528
8 t 3 8.567627 201.5052
8 t 4 8.588625 201.5792
8 t 5 8.614822 201.6785
8 t 6 8.646188 201.8076
8 t 7 8.682687 201.9726
8 t 8 8.724282 202.1807
8 t 9 8.770932 202.4402
8 t 10 8.822598 202.7611
8 t 11 8.879243 203.1546
8 t 12 8.940831 203.6333
8 t 13 9.007332 204.2111
8 t 14 9.078722 204.9028
8 t 15 9.154987 205.7240
8 t 16 9.236119 206.6905
8 t 17 9.322124 207.8179
8 t 18 9.413017 209.1207
8 t 19 9.508825 210.6116
8 t 20 9.609588 212.3008
8 t 21 9.715357 214.1948
8 t 22 9.826194 216.2959
8 t 23 9.942173 218.6009
8 t 24 10.06338 221.1011
9 t 2 9.572448 208.9342
9 t 3 9.587023 209.2216
9 t 4 9.606449 209.6057
9 t 5 9.630721 210.0869
9 t 6 9.659832 210.6657
9 t 7 9.693772 211.3424
9 t 8 9.732533 212.1169
9 t 9 9.776101 212.9887
9 t 10 9.824463 213.9565
9 t 11 9.877606 215.0183
9 t 12 9.935510 216.1709
9 t 13 9.998158 217.4100
9 t 14 10.06553 218.7296
